{
"contracts/Badger.sol":{"l":{"47":4,"53":3,"69":2,"70":2,"74":2,"79":2,"82":2,"85":2,"106":1,"125":2,"139":3},"path":"/home/runner/work/badger/badger/contracts/contracts/Badger.sol","s":{"1":4,"2":2,"3":2,"4":2,"5":1,"6":2,"7":3},"b":{"1":[3,1],"2":[1,1]},"f":{"1":4,"2":2,"3":1,"4":2,"5":3},"fnMap":{"1":{"name":"constructor","line":45,"loc":{"start":{"line":45,"column":4},"end":{"line":54,"column":4}}},"2":{"name":"createOrganization","line":63,"loc":{"start":{"line":63,"column":4},"end":{"line":90,"column":4}}},"3":{"name":"getOrganization","line":99,"loc":{"start":{"line":99,"column":4},"end":{"line":113,"column":4}}},"4":{"name":"supportsInterface","line":118,"loc":{"start":{"line":118,"column":4},"end":{"line":128,"column":4}}},"5":{"name":"_organizationHash","line":134,"loc":{"start":{"line":134,"column":4},"end":{"line":140,"column":4}}}},"statementMap":{"1":{"start":{"line":47,"column":8},"end":{"line":47,"column":1972}},"2":{"start":{"line":74,"column":8},"end":{"line":74,"column":2848}},"3":{"start":{"line":82,"column":8},"end":{"line":82,"column":51}},"4":{"start":{"line":85,"column":8},"end":{"line":85,"column":3261}},"5":{"start":{"line":106,"column":8},"end":{"line":106,"column":3798}},"6":{"start":{"line":125,"column":8},"end":{"line":125,"column":4267}},"7":{"start":{"line":139,"column":8},"end":{"line":139,"column":59}}},"branchMap":{"1":{"line":47,"type":"if","locations":[{"start":{"line":47,"column":8},"end":{"line":47,"column":8}},{"start":{"line":47,"column":8},"end":{"line":47,"column":8}}]},"2":{"line":126,"type":"cond-expr","locations":[{"start":{"line":126,"column":12},"end":{"line":126,"column":51}},{"start":{"line":127,"column":12},"end":{"line":127,"column":47}}]}}},
"contracts/BadgerNetwork.sol":{"l":{"13":4,"16":4},"path":"/home/runner/work/badger/badger/contracts/contracts/BadgerNetwork.sol","s":{"1":4,"2":4},"b":{},"f":{"1":4},"fnMap":{"1":{"name":"_configNetwork","line":8,"loc":{"start":{"line":8,"column":4},"end":{"line":17,"column":4}}}},"statementMap":{"1":{"start":{"line":13,"column":8},"end":{"line":13,"column":62}},"2":{"start":{"line":16,"column":8},"end":{"line":16,"column":29}}},"branchMap":{}},
"contracts/BadgerOrganization.sol":{"l":{"39":4,"52":3,"53":3,"54":3,"56":3,"62":2,"64":3,"83":1,"95":2,"96":2,"97":2,"99":2,"105":1,"107":1,"120":1,"132":1,"146":4,"149":4,"150":2,"154":2,"167":4},"path":"/home/runner/work/badger/badger/contracts/contracts/BadgerOrganization.sol","s":{"1":4,"2":3,"3":3,"4":3,"5":3,"6":2,"7":3,"8":1,"9":2,"10":2,"11":2,"12":2,"13":1,"14":1,"15":1,"16":1,"17":4,"18":4,"19":2,"20":2,"21":4},"b":{"1":[4,1],"2":[3,1],"3":[2,1],"4":[1,1],"5":[2,1],"6":[1,1],"7":[2,2],"8":[1,2]},"f":{"1":4,"2":3,"3":1,"4":2,"5":1,"6":1,"7":4,"8":4},"fnMap":{"1":{"name":"mint","line":37,"loc":{"start":{"line":32,"column":4},"end":{"line":40,"column":4}}},"2":{"name":"mintBatch","line":50,"loc":{"start":{"line":45,"column":4},"end":{"line":72,"column":4}}},"3":{"name":"revoke","line":81,"loc":{"start":{"line":77,"column":4},"end":{"line":84,"column":4}}},"4":{"name":"revokeBatch","line":93,"loc":{"start":{"line":89,"column":4},"end":{"line":109,"column":4}}},"5":{"name":"forfeit","line":114,"loc":{"start":{"line":114,"column":4},"end":{"line":121,"column":4}}},"6":{"name":"contractURI","line":131,"loc":{"start":{"line":131,"column":4},"end":{"line":133,"column":4}}},"7":{"name":"uri","line":138,"loc":{"start":{"line":138,"column":4},"end":{"line":155,"column":4}}},"8":{"name":"supportsInterface","line":160,"loc":{"start":{"line":160,"column":4},"end":{"line":170,"column":4}}}},"statementMap":{"1":{"start":{"line":39,"column":8},"end":{"line":39,"column":76}},"2":{"start":{"line":52,"column":8},"end":{"line":52,"column":39}},"3":{"start":{"line":53,"column":8},"end":{"line":53,"column":17}},"4":{"start":{"line":54,"column":8},"end":{"line":54,"column":39}},"5":{"start":{"line":56,"column":8},"end":{"line":56,"column":1886}},"6":{"start":{"line":62,"column":8},"end":{"line":62,"column":2127}},"7":{"start":{"line":64,"column":12},"end":{"line":64,"column":2224}},"8":{"start":{"line":83,"column":8},"end":{"line":83,"column":49}},"9":{"start":{"line":95,"column":8},"end":{"line":95,"column":39}},"10":{"start":{"line":96,"column":8},"end":{"line":96,"column":17}},"11":{"start":{"line":97,"column":8},"end":{"line":97,"column":43}},"12":{"start":{"line":99,"column":8},"end":{"line":99,"column":3093}},"13":{"start":{"line":105,"column":8},"end":{"line":105,"column":3343}},"14":{"start":{"line":107,"column":12},"end":{"line":107,"column":57}},"15":{"start":{"line":120,"column":8},"end":{"line":120,"column":43}},"16":{"start":{"line":132,"column":8},"end":{"line":132,"column":30}},"17":{"start":{"line":146,"column":8},"end":{"line":146,"column":38}},"18":{"start":{"line":149,"column":8},"end":{"line":149,"column":4543}},"19":{"start":{"line":150,"column":12},"end":{"line":150,"column":23}},"20":{"start":{"line":154,"column":8},"end":{"line":154,"column":29}},"21":{"start":{"line":167,"column":8},"end":{"line":167,"column":4958}}},"branchMap":{"1":{"line":37,"type":"if","locations":[{"start":{"line":37,"column":32},"end":{"line":37,"column":32}},{"start":{"line":37,"column":32},"end":{"line":37,"column":32}}]},"2":{"line":50,"type":"if","locations":[{"start":{"line":50,"column":32},"end":{"line":50,"column":32}},{"start":{"line":50,"column":32},"end":{"line":50,"column":32}}]},"3":{"line":56,"type":"if","locations":[{"start":{"line":56,"column":8},"end":{"line":56,"column":8}},{"start":{"line":56,"column":8},"end":{"line":56,"column":8}}]},"4":{"line":81,"type":"if","locations":[{"start":{"line":81,"column":32},"end":{"line":81,"column":32}},{"start":{"line":81,"column":32},"end":{"line":81,"column":32}}]},"5":{"line":93,"type":"if","locations":[{"start":{"line":93,"column":32},"end":{"line":93,"column":32}},{"start":{"line":93,"column":32},"end":{"line":93,"column":32}}]},"6":{"line":99,"type":"if","locations":[{"start":{"line":99,"column":8},"end":{"line":99,"column":8}},{"start":{"line":99,"column":8},"end":{"line":99,"column":8}}]},"7":{"line":149,"type":"if","locations":[{"start":{"line":149,"column":8},"end":{"line":149,"column":8}},{"start":{"line":149,"column":8},"end":{"line":149,"column":8}}]},"8":{"line":168,"type":"cond-expr","locations":[{"start":{"line":168,"column":12},"end":{"line":168,"column":63}},{"start":{"line":169,"column":12},"end":{"line":169,"column":47}}]}}},
"contracts/BadgerOrganizationLogic.sol":{"l":{"48":3,"64":2,"67":2,"70":2,"73":2,"76":2,"77":2,"88":24,"92":19,"100":20,"104":14,"121":2,"127":1,"140":3,"146":2,"157":5,"158":5,"159":5,"160":5,"162":5,"168":4,"170":4,"173":4,"179":3,"182":3,"195":6,"196":6,"197":6,"198":6,"200":6,"206":5,"208":5,"211":5,"217":4,"220":4,"233":7,"234":7,"235":7,"237":7,"243":6,"245":6,"248":6,"254":5,"268":1,"280":1,"292":3,"310":3,"324":3,"337":3,"352":3,"355":3,"365":2,"368":2,"388":7,"391":7,"409":2,"412":2,"428":1,"431":1,"447":11,"472":50,"490":23,"501":20,"516":14},"path":"/home/runner/work/badger/badger/contracts/contracts/BadgerOrganizationLogic.sol","s":{"1":3,"2":2,"3":2,"4":2,"5":2,"6":24,"7":20,"8":2,"9":1,"10":3,"11":2,"12":5,"13":5,"14":5,"15":5,"16":5,"17":4,"18":4,"19":3,"20":6,"21":6,"22":6,"23":6,"24":6,"25":5,"26":5,"27":4,"28":7,"29":7,"30":7,"31":7,"32":6,"33":6,"34":5,"35":1,"36":1,"37":3,"38":3,"39":3,"40":3,"41":3,"42":2,"43":7,"44":7,"45":2,"46":2,"47":1,"48":1,"49":11,"50":50,"51":23,"52":20,"53":14},"b":{"1":[2,1],"2":[19,5],"3":[14,6],"4":[2,1],"5":[1,1],"6":[3,1],"7":[2,1],"8":[5,1],"9":[4,1],"10":[3,1],"11":[6,1],"12":[5,1],"13":[4,1],"14":[7,1],"15":[6,1],"16":[5,1],"17":[1,1],"18":[1,1],"19":[3,1],"20":[1,1],"21":[34,1],"22":[14,2]},"f":{"1":3,"2":2,"3":24,"4":20,"5":2,"6":3,"7":5,"8":6,"9":7,"10":1,"11":1,"12":3,"13":3,"14":3,"15":3,"16":3,"17":2,"18":7,"19":2,"20":1,"21":11,"22":50,"23":23,"24":20,"25":14},"fnMap":{"1":{"name":"constructor","line":47,"loc":{"start":{"line":47,"column":4},"end":{"line":49,"column":4}}},"2":{"name":"initialize","line":61,"loc":{"start":{"line":59,"column":4},"end":{"line":78,"column":4}}},"3":{"name":"onlyOrganizationManager","line":87,"loc":{"start":{"line":87,"column":4},"end":{"line":93,"column":4}}},"4":{"name":"onlyBadgeManager","line":99,"loc":{"start":{"line":99,"column":4},"end":{"line":105,"column":4}}},"5":{"name":"setOrganizationURI","line":118,"loc":{"start":{"line":114,"column":4},"end":{"line":128,"column":4}}},"6":{"name":"setBadgeURI","line":137,"loc":{"start":{"line":133,"column":4},"end":{"line":147,"column":4}}},"7":{"name":"setManagers","line":155,"loc":{"start":{"line":152,"column":4},"end":{"line":184,"column":4}}},"8":{"name":"setManagers","line":193,"loc":{"start":{"line":189,"column":4},"end":{"line":222,"column":4}}},"9":{"name":"setHooks","line":231,"loc":{"start":{"line":227,"column":4},"end":{"line":256,"column":4}}},"10":{"name":"configManager","line":265,"loc":{"start":{"line":261,"column":4},"end":{"line":269,"column":4}}},"11":{"name":"configManager","line":278,"loc":{"start":{"line":274,"column":4},"end":{"line":281,"column":4}}},"12":{"name":"configHook","line":290,"loc":{"start":{"line":286,"column":4},"end":{"line":293,"column":4}}},"13":{"name":"isOrganizationManager","line":302,"loc":{"start":{"line":302,"column":4},"end":{"line":311,"column":4}}},"14":{"name":"isBadgeManager","line":316,"loc":{"start":{"line":316,"column":4},"end":{"line":325,"column":4}}},"15":{"name":"supportsInterface","line":330,"loc":{"start":{"line":330,"column":4},"end":{"line":340,"column":4}}},"16":{"name":"_setOrganizationURI","line":350,"loc":{"start":{"line":350,"column":4},"end":{"line":356,"column":4}}},"17":{"name":"_setBadgeURI","line":363,"loc":{"start":{"line":363,"column":4},"end":{"line":369,"column":4}}},"18":{"name":"_mint","line":380,"loc":{"start":{"line":380,"column":4},"end":{"line":392,"column":4}}},"19":{"name":"_revoke","line":402,"loc":{"start":{"line":402,"column":4},"end":{"line":413,"column":4}}},"20":{"name":"_forfeit","line":422,"loc":{"start":{"line":422,"column":4},"end":{"line":432,"column":4}}},"21":{"name":"_beforeTokenTransfer","line":438,"loc":{"start":{"line":438,"column":4},"end":{"line":453,"column":4}}},"22":{"name":"_isOrganizationManager","line":464,"loc":{"start":{"line":464,"column":4},"end":{"line":474,"column":4}}},"23":{"name":"_isBadgeManager","line":482,"loc":{"start":{"line":482,"column":4},"end":{"line":492,"column":4}}},"24":{"name":"_managerHash","line":499,"loc":{"start":{"line":499,"column":4},"end":{"line":502,"column":4}}},"25":{"name":"_badgeManagerHash","line":510,"loc":{"start":{"line":510,"column":4},"end":{"line":517,"column":4}}}},"statementMap":{"1":{"start":{"line":48,"column":8},"end":{"line":48,"column":29}},"2":{"start":{"line":64,"column":8},"end":{"line":64,"column":40}},"3":{"start":{"line":67,"column":8},"end":{"line":67,"column":23}},"4":{"start":{"line":70,"column":8},"end":{"line":70,"column":48}},"5":{"start":{"line":73,"column":8},"end":{"line":73,"column":57}},"6":{"start":{"line":88,"column":8},"end":{"line":88,"column":2873}},"7":{"start":{"line":100,"column":8},"end":{"line":100,"column":3252}},"8":{"start":{"line":121,"column":8},"end":{"line":121,"column":3866}},"9":{"start":{"line":127,"column":8},"end":{"line":127,"column":32}},"10":{"start":{"line":140,"column":8},"end":{"line":140,"column":4347}},"11":{"start":{"line":146,"column":8},"end":{"line":146,"column":30}},"12":{"start":{"line":157,"column":8},"end":{"line":157,"column":17}},"13":{"start":{"line":158,"column":8},"end":{"line":158,"column":27}},"14":{"start":{"line":159,"column":8},"end":{"line":159,"column":49}},"15":{"start":{"line":160,"column":8},"end":{"line":160,"column":23}},"16":{"start":{"line":162,"column":8},"end":{"line":162,"column":4918}},"17":{"start":{"line":168,"column":8},"end":{"line":168,"column":5165}},"18":{"start":{"line":173,"column":12},"end":{"line":173,"column":5354}},"19":{"start":{"line":182,"column":12},"end":{"line":182,"column":50}},"20":{"start":{"line":195,"column":8},"end":{"line":195,"column":17}},"21":{"start":{"line":196,"column":8},"end":{"line":196,"column":27}},"22":{"start":{"line":197,"column":8},"end":{"line":197,"column":49}},"23":{"start":{"line":198,"column":8},"end":{"line":198,"column":23}},"24":{"start":{"line":200,"column":8},"end":{"line":200,"column":6167}},"25":{"start":{"line":206,"column":8},"end":{"line":206,"column":6414}},"26":{"start":{"line":211,"column":12},"end":{"line":211,"column":6603}},"27":{"start":{"line":220,"column":12},"end":{"line":220,"column":50}},"28":{"start":{"line":233,"column":8},"end":{"line":233,"column":17}},"29":{"start":{"line":234,"column":8},"end":{"line":234,"column":43}},"30":{"start":{"line":235,"column":8},"end":{"line":235,"column":20}},"31":{"start":{"line":237,"column":8},"end":{"line":237,"column":7371}},"32":{"start":{"line":243,"column":8},"end":{"line":243,"column":7600}},"33":{"start":{"line":248,"column":12},"end":{"line":248,"column":7780}},"34":{"start":{"line":254,"column":12},"end":{"line":254,"column":44}},"35":{"start":{"line":268,"column":8},"end":{"line":268,"column":64}},"36":{"start":{"line":280,"column":8},"end":{"line":280,"column":74}},"37":{"start":{"line":292,"column":8},"end":{"line":292,"column":45}},"38":{"start":{"line":310,"column":8},"end":{"line":310,"column":47}},"39":{"start":{"line":324,"column":8},"end":{"line":324,"column":45}},"40":{"start":{"line":337,"column":8},"end":{"line":337,"column":10193}},"41":{"start":{"line":355,"column":8},"end":{"line":355,"column":38}},"42":{"start":{"line":368,"column":8},"end":{"line":368,"column":27}},"43":{"start":{"line":388,"column":8},"end":{"line":388,"column":74}},"44":{"start":{"line":391,"column":8},"end":{"line":391,"column":57}},"45":{"start":{"line":409,"column":8},"end":{"line":409,"column":71}},"46":{"start":{"line":412,"column":8},"end":{"line":412,"column":52}},"47":{"start":{"line":428,"column":8},"end":{"line":428,"column":61}},"48":{"start":{"line":431,"column":8},"end":{"line":431,"column":52}},"49":{"start":{"line":447,"column":8},"end":{"line":447,"column":13987}},"50":{"start":{"line":472,"column":8},"end":{"line":472,"column":14925}},"51":{"start":{"line":490,"column":8},"end":{"line":490,"column":15600}},"52":{"start":{"line":501,"column":8},"end":{"line":501,"column":46}},"53":{"start":{"line":516,"column":8},"end":{"line":516,"column":51}}},"branchMap":{"1":{"line":61,"type":"if","locations":[{"start":{"line":61,"column":8},"end":{"line":61,"column":8}},{"start":{"line":61,"column":8},"end":{"line":61,"column":8}}]},"2":{"line":88,"type":"if","locations":[{"start":{"line":88,"column":8},"end":{"line":88,"column":8}},{"start":{"line":88,"column":8},"end":{"line":88,"column":8}}]},"3":{"line":100,"type":"if","locations":[{"start":{"line":100,"column":8},"end":{"line":100,"column":8}},{"start":{"line":100,"column":8},"end":{"line":100,"column":8}}]},"4":{"line":118,"type":"if","locations":[{"start":{"line":118,"column":8},"end":{"line":118,"column":8}},{"start":{"line":118,"column":8},"end":{"line":118,"column":8}}]},"5":{"line":121,"type":"if","locations":[{"start":{"line":121,"column":8},"end":{"line":121,"column":8}},{"start":{"line":121,"column":8},"end":{"line":121,"column":8}}]},"6":{"line":137,"type":"if","locations":[{"start":{"line":137,"column":8},"end":{"line":137,"column":8}},{"start":{"line":137,"column":8},"end":{"line":137,"column":8}}]},"7":{"line":140,"type":"if","locations":[{"start":{"line":140,"column":8},"end":{"line":140,"column":8}},{"start":{"line":140,"column":8},"end":{"line":140,"column":8}}]},"8":{"line":155,"type":"if","locations":[{"start":{"line":155,"column":30},"end":{"line":155,"column":30}},{"start":{"line":155,"column":30},"end":{"line":155,"column":30}}]},"9":{"line":162,"type":"if","locations":[{"start":{"line":162,"column":8},"end":{"line":162,"column":8}},{"start":{"line":162,"column":8},"end":{"line":162,"column":8}}]},"10":{"line":173,"type":"if","locations":[{"start":{"line":173,"column":12},"end":{"line":173,"column":12}},{"start":{"line":173,"column":12},"end":{"line":173,"column":12}}]},"11":{"line":193,"type":"if","locations":[{"start":{"line":193,"column":30},"end":{"line":193,"column":30}},{"start":{"line":193,"column":30},"end":{"line":193,"column":30}}]},"12":{"line":200,"type":"if","locations":[{"start":{"line":200,"column":8},"end":{"line":200,"column":8}},{"start":{"line":200,"column":8},"end":{"line":200,"column":8}}]},"13":{"line":211,"type":"if","locations":[{"start":{"line":211,"column":12},"end":{"line":211,"column":12}},{"start":{"line":211,"column":12},"end":{"line":211,"column":12}}]},"14":{"line":231,"type":"if","locations":[{"start":{"line":231,"column":30},"end":{"line":231,"column":30}},{"start":{"line":231,"column":30},"end":{"line":231,"column":30}}]},"15":{"line":237,"type":"if","locations":[{"start":{"line":237,"column":8},"end":{"line":237,"column":8}},{"start":{"line":237,"column":8},"end":{"line":237,"column":8}}]},"16":{"line":248,"type":"if","locations":[{"start":{"line":248,"column":12},"end":{"line":248,"column":12}},{"start":{"line":248,"column":12},"end":{"line":248,"column":12}}]},"17":{"line":265,"type":"if","locations":[{"start":{"line":265,"column":8},"end":{"line":265,"column":8}},{"start":{"line":265,"column":8},"end":{"line":265,"column":8}}]},"18":{"line":278,"type":"if","locations":[{"start":{"line":278,"column":30},"end":{"line":278,"column":30}},{"start":{"line":278,"column":30},"end":{"line":278,"column":30}}]},"19":{"line":290,"type":"if","locations":[{"start":{"line":290,"column":30},"end":{"line":290,"column":30}},{"start":{"line":290,"column":30},"end":{"line":290,"column":30}}]},"20":{"line":338,"type":"cond-expr","locations":[{"start":{"line":338,"column":12},"end":{"line":338,"column":68}},{"start":{"line":339,"column":12},"end":{"line":339,"column":47}}]},"21":{"line":472,"type":"cond-expr","locations":[{"start":{"line":472,"column":16},"end":{"line":472,"column":34}},{"start":{"line":473,"column":12},"end":{"line":473,"column":56}}]},"22":{"line":490,"type":"cond-expr","locations":[{"start":{"line":490,"column":16},"end":{"line":490,"column":47}},{"start":{"line":491,"column":12},"end":{"line":491,"column":66}}]}}},
"contracts/hooks/BadgerHook.sol":{"l":{"26":9},"path":"/home/runner/work/badger/badger/contracts/contracts/hooks/BadgerHook.sol","s":{"1":9},"b":{"1":[5,2],"2":[2,1]},"f":{"1":9},"fnMap":{"1":{"name":"supportsInterface","line":19,"loc":{"start":{"line":19,"column":4},"end":{"line":30,"column":4}}}},"statementMap":{"1":{"start":{"line":26,"column":8},"end":{"line":26,"column":766}}},"branchMap":{"1":{"line":27,"type":"cond-expr","locations":[{"start":{"line":27,"column":12},"end":{"line":27,"column":55}},{"start":{"line":28,"column":12},"end":{"line":28,"column":61}}]},"2":{"line":27,"type":"cond-expr","locations":[{"start":{"line":27,"column":12},"end":{"line":28,"column":61}},{"start":{"line":29,"column":12},"end":{"line":29,"column":47}}]}}},
"contracts/hooks/BadgerHooked.sol":{"l":{"80":2,"83":2,"84":2,"87":2,"90":2,"91":1,"95":2,"114":5,"120":4,"122":3,"125":3,"128":1,"132":4,"147":3,"153":2,"159":2,"167":2,"170":2,"180":24,"183":24,"184":24,"187":24,"189":2},"path":"/home/runner/work/badger/badger/contracts/contracts/hooks/BadgerHooked.sol","s":{"1":2,"2":2,"3":2,"4":2,"5":2,"6":2,"7":5,"8":4,"9":3,"10":3,"11":1,"12":4,"13":3,"14":2,"15":2,"16":2,"17":2,"18":24,"19":24,"20":24,"21":24,"22":2},"b":{"1":[4,1],"2":[3,1],"3":[2,1],"4":[2,0],"5":[2,0]},"f":{"1":2,"2":5,"3":3,"4":24},"fnMap":{"1":{"name":"getHooks","line":73,"loc":{"start":{"line":73,"column":4},"end":{"line":96,"column":4}}},"2":{"name":"_setHook","line":108,"loc":{"start":{"line":108,"column":4},"end":{"line":133,"column":4}}},"3":{"name":"_configHook","line":141,"loc":{"start":{"line":141,"column":4},"end":{"line":171,"column":4}}},"4":{"name":"_hook","line":178,"loc":{"start":{"line":178,"column":4},"end":{"line":191,"column":4}}}},"statementMap":{"1":{"start":{"line":80,"column":8},"end":{"line":80,"column":62}},"2":{"start":{"line":83,"column":8},"end":{"line":83,"column":17}},"3":{"start":{"line":84,"column":8},"end":{"line":84,"column":45}},"4":{"start":{"line":87,"column":8},"end":{"line":87,"column":64}},"5":{"start":{"line":90,"column":8},"end":{"line":90,"column":3972}},"6":{"start":{"line":95,"column":8},"end":{"line":95,"column":25}},"7":{"start":{"line":114,"column":8},"end":{"line":114,"column":4715}},"8":{"start":{"line":120,"column":8},"end":{"line":120,"column":4958}},"9":{"start":{"line":122,"column":12},"end":{"line":122,"column":72}},"10":{"start":{"line":125,"column":12},"end":{"line":125,"column":38}},"11":{"start":{"line":128,"column":12},"end":{"line":128,"column":41}},"12":{"start":{"line":132,"column":8},"end":{"line":132,"column":51}},"13":{"start":{"line":147,"column":8},"end":{"line":147,"column":5916}},"14":{"start":{"line":153,"column":8},"end":{"line":153,"column":6133}},"15":{"start":{"line":159,"column":8},"end":{"line":159,"column":6351}},"16":{"start":{"line":167,"column":8},"end":{"line":167,"column":43}},"17":{"start":{"line":170,"column":8},"end":{"line":170,"column":43}},"18":{"start":{"line":180,"column":8},"end":{"line":180,"column":58}},"19":{"start":{"line":183,"column":8},"end":{"line":183,"column":17}},"20":{"start":{"line":184,"column":8},"end":{"line":184,"column":50}},"21":{"start":{"line":187,"column":8},"end":{"line":187,"column":7297}},"22":{"start":{"line":189,"column":12},"end":{"line":189,"column":51}}},"branchMap":{"1":{"line":114,"type":"if","locations":[{"start":{"line":114,"column":8},"end":{"line":114,"column":8}},{"start":{"line":114,"column":8},"end":{"line":114,"column":8}}]},"2":{"line":120,"type":"if","locations":[{"start":{"line":120,"column":8},"end":{"line":120,"column":8}},{"start":{"line":120,"column":8},"end":{"line":120,"column":8}}]},"3":{"line":147,"type":"if","locations":[{"start":{"line":147,"column":8},"end":{"line":147,"column":8}},{"start":{"line":147,"column":8},"end":{"line":147,"column":8}}]},"4":{"line":153,"type":"if","locations":[{"start":{"line":153,"column":8},"end":{"line":153,"column":8}},{"start":{"line":153,"column":8},"end":{"line":153,"column":8}}]},"5":{"line":159,"type":"if","locations":[{"start":{"line":159,"column":8},"end":{"line":159,"column":8}},{"start":{"line":159,"column":8},"end":{"line":159,"column":8}}]}}},
"contracts/hooks/forfeit/BadgerForfeitForbidden.sol":{"l":{"33":0,"36":0,"44":0,"49":0},"path":"/home/runner/work/badger/badger/contracts/contracts/hooks/forfeit/BadgerForfeitForbidden.sol","s":{"1":0,"2":0,"3":0},"b":{"1":[0,0]},"f":{"1":0,"2":0},"fnMap":{"1":{"name":"config","line":31,"loc":{"start":{"line":31,"column":4},"end":{"line":37,"column":4}}},"2":{"name":"execute","line":42,"loc":{"start":{"line":42,"column":4},"end":{"line":53,"column":4}}}},"statementMap":{"1":{"start":{"line":33,"column":8},"end":{"line":33,"column":77}},"2":{"start":{"line":44,"column":8},"end":{"line":44,"column":74}},"3":{"start":{"line":49,"column":8},"end":{"line":49,"column":1920}}},"branchMap":{"1":{"line":49,"type":"if","locations":[{"start":{"line":49,"column":8},"end":{"line":49,"column":8}},{"start":{"line":49,"column":8},"end":{"line":49,"column":8}}]}}},
"contracts/hooks/hook/BadgerHookBlocklist.sol":{"l":{"33":0,"36":0,"44":0,"52":0},"path":"/home/runner/work/badger/badger/contracts/contracts/hooks/hook/BadgerHookBlocklist.sol","s":{"1":0,"2":0,"3":0},"b":{"1":[0,0],"2":[0,0]},"f":{"1":0,"2":0},"fnMap":{"1":{"name":"config","line":31,"loc":{"start":{"line":31,"column":4},"end":{"line":37,"column":4}}},"2":{"name":"execute","line":42,"loc":{"start":{"line":42,"column":4},"end":{"line":56,"column":4}}}},"statementMap":{"1":{"start":{"line":33,"column":8},"end":{"line":33,"column":52}},"2":{"start":{"line":44,"column":8},"end":{"line":44,"column":1556}},"3":{"start":{"line":52,"column":8},"end":{"line":52,"column":1900}}},"branchMap":{"1":{"line":52,"type":"if","locations":[{"start":{"line":52,"column":8},"end":{"line":52,"column":8}},{"start":{"line":52,"column":8},"end":{"line":52,"column":8}}]},"2":{"line":53,"type":"cond-expr","locations":[{"start":{"line":53,"column":12},"end":{"line":53,"column":19}},{"start":{"line":53,"column":24},"end":{"line":53,"column":54}}]}}},
"contracts/hooks/mint/BadgerMintMax.sol":{"l":{"37":0,"40":0,"46":0,"54":0,"60":0,"63":0},"path":"/home/runner/work/badger/badger/contracts/contracts/hooks/mint/BadgerMintMax.sol","s":{"1":0,"2":0,"3":0,"4":0},"b":{"1":[0,0],"2":[0,0]},"f":{"1":0,"2":0},"fnMap":{"1":{"name":"config","line":35,"loc":{"start":{"line":35,"column":4},"end":{"line":47,"column":4}}},"2":{"name":"execute","line":52,"loc":{"start":{"line":52,"column":4},"end":{"line":67,"column":4}}}},"statementMap":{"1":{"start":{"line":37,"column":8},"end":{"line":37,"column":75}},"2":{"start":{"line":40,"column":8},"end":{"line":40,"column":1483}},"3":{"start":{"line":54,"column":8},"end":{"line":54,"column":1895}},"4":{"start":{"line":63,"column":8},"end":{"line":63,"column":2215}}},"branchMap":{"1":{"line":40,"type":"if","locations":[{"start":{"line":40,"column":8},"end":{"line":40,"column":8}},{"start":{"line":40,"column":8},"end":{"line":40,"column":8}}]},"2":{"line":63,"type":"if","locations":[{"start":{"line":63,"column":8},"end":{"line":63,"column":8}},{"start":{"line":63,"column":8},"end":{"line":63,"column":8}}]}}},
"contracts/hooks/mint/BadgerMintMaxAllowance.sol":{"l":{"37":0,"40":0,"46":0,"54":0,"60":0,"63":0},"path":"/home/runner/work/badger/badger/contracts/contracts/hooks/mint/BadgerMintMaxAllowance.sol","s":{"1":0,"2":0,"3":0,"4":0},"b":{"1":[0,0],"2":[0,0]},"f":{"1":0,"2":0},"fnMap":{"1":{"name":"config","line":35,"loc":{"start":{"line":35,"column":4},"end":{"line":47,"column":4}}},"2":{"name":"execute","line":52,"loc":{"start":{"line":52,"column":4},"end":{"line":67,"column":4}}}},"statementMap":{"1":{"start":{"line":37,"column":8},"end":{"line":37,"column":75}},"2":{"start":{"line":40,"column":8},"end":{"line":40,"column":1493}},"3":{"start":{"line":54,"column":8},"end":{"line":54,"column":1914}},"4":{"start":{"line":63,"column":8},"end":{"line":63,"column":2246}}},"branchMap":{"1":{"line":40,"type":"if","locations":[{"start":{"line":40,"column":8},"end":{"line":40,"column":8}},{"start":{"line":40,"column":8},"end":{"line":40,"column":8}}]},"2":{"line":63,"type":"if","locations":[{"start":{"line":63,"column":8},"end":{"line":63,"column":8}},{"start":{"line":63,"column":8},"end":{"line":63,"column":8}}]}}},
"contracts/hooks/mint/BadgerMintMaxSupply.sol":{"l":{"36":0,"42":0,"48":0,"56":0,"62":0,"65":0},"path":"/home/runner/work/badger/badger/contracts/contracts/hooks/mint/BadgerMintMaxSupply.sol","s":{"1":0,"2":0,"3":0,"4":0},"b":{"1":[0,0],"2":[0,0]},"f":{"1":0,"2":0},"fnMap":{"1":{"name":"config","line":34,"loc":{"start":{"line":34,"column":4},"end":{"line":49,"column":4}}},"2":{"name":"execute","line":54,"loc":{"start":{"line":54,"column":4},"end":{"line":69,"column":4}}}},"statementMap":{"1":{"start":{"line":36,"column":8},"end":{"line":36,"column":1331}},"2":{"start":{"line":42,"column":8},"end":{"line":42,"column":1506}},"3":{"start":{"line":56,"column":8},"end":{"line":56,"column":1987}},"4":{"start":{"line":65,"column":8},"end":{"line":65,"column":2310}}},"branchMap":{"1":{"line":42,"type":"if","locations":[{"start":{"line":42,"column":8},"end":{"line":42,"column":8}},{"start":{"line":42,"column":8},"end":{"line":42,"column":8}}]},"2":{"line":65,"type":"if","locations":[{"start":{"line":65,"column":8},"end":{"line":65,"column":8}},{"start":{"line":65,"column":8},"end":{"line":65,"column":8}}]}}},
"contracts/hooks/mint/BadgerMintSelf.sol":{"l":{"34":0,"37":0,"45":0,"51":0,"53":0},"path":"/home/runner/work/badger/badger/contracts/contracts/hooks/mint/BadgerMintSelf.sol","s":{"1":0,"2":0,"3":0,"4":0},"b":{"1":[0,0],"2":[0,0]},"f":{"1":0,"2":0},"fnMap":{"1":{"name":"config","line":32,"loc":{"start":{"line":32,"column":4},"end":{"line":38,"column":4}}},"2":{"name":"execute","line":43,"loc":{"start":{"line":43,"column":4},"end":{"line":57,"column":4}}}},"statementMap":{"1":{"start":{"line":34,"column":8},"end":{"line":34,"column":78}},"2":{"start":{"line":45,"column":8},"end":{"line":45,"column":1659}},"3":{"start":{"line":51,"column":8},"end":{"line":51,"column":69}},"4":{"start":{"line":53,"column":8},"end":{"line":53,"column":1947}}},"branchMap":{"1":{"line":53,"type":"if","locations":[{"start":{"line":53,"column":8},"end":{"line":53,"column":8}},{"start":{"line":53,"column":8},"end":{"line":53,"column":8}}]},"2":{"line":54,"type":"cond-expr","locations":[{"start":{"line":54,"column":12},"end":{"line":54,"column":27}},{"start":{"line":54,"column":32},"end":{"line":54,"column":46}}]}}},
"contracts/hooks/revoke/BadgerRevokeForbidden.sol":{"l":{"33":0,"36":0,"44":0,"50":0},"path":"/home/runner/work/badger/badger/contracts/contracts/hooks/revoke/BadgerRevokeForbidden.sol","s":{"1":0,"2":0,"3":0},"b":{"1":[0,0]},"f":{"1":0,"2":0},"fnMap":{"1":{"name":"config","line":31,"loc":{"start":{"line":31,"column":4},"end":{"line":37,"column":4}}},"2":{"name":"execute","line":42,"loc":{"start":{"line":42,"column":4},"end":{"line":54,"column":4}}}},"statementMap":{"1":{"start":{"line":33,"column":8},"end":{"line":33,"column":77}},"2":{"start":{"line":44,"column":8},"end":{"line":44,"column":1618}},"3":{"start":{"line":50,"column":8},"end":{"line":50,"column":1812}}},"branchMap":{"1":{"line":50,"type":"if","locations":[{"start":{"line":50,"column":8},"end":{"line":50,"column":8}},{"start":{"line":50,"column":8},"end":{"line":50,"column":8}}]}}},
"contracts/hooks/transfer/BadgerTransferBlocklist.sol":{"l":{"36":0,"39":0,"47":0,"53":0},"path":"/home/runner/work/badger/badger/contracts/contracts/hooks/transfer/BadgerTransferBlocklist.sol","s":{"1":0,"2":0,"3":0},"b":{"1":[0,0]},"f":{"1":0,"2":0},"fnMap":{"1":{"name":"config","line":34,"loc":{"start":{"line":34,"column":4},"end":{"line":40,"column":4}}},"2":{"name":"execute","line":45,"loc":{"start":{"line":45,"column":4},"end":{"line":57,"column":4}}}},"statementMap":{"1":{"start":{"line":36,"column":8},"end":{"line":36,"column":77}},"2":{"start":{"line":47,"column":8},"end":{"line":47,"column":1784}},"3":{"start":{"line":53,"column":8},"end":{"line":53,"column":1985}}},"branchMap":{"1":{"line":53,"type":"if","locations":[{"start":{"line":53,"column":8},"end":{"line":53,"column":8}},{"start":{"line":53,"column":8},"end":{"line":53,"column":8}}]}}},
"contracts/hooks/transfer/BadgerTransferBound.sol":{"l":{"33":2,"36":2,"44":2,"50":2,"51":2,"54":2,"56":2},"path":"/home/runner/work/badger/badger/contracts/contracts/hooks/transfer/BadgerTransferBound.sol","s":{"1":2,"2":2,"3":2,"4":2,"5":2,"6":2},"b":{"1":[1,1],"2":[1,0],"3":[0,0]},"f":{"1":2,"2":2},"fnMap":{"1":{"name":"config","line":31,"loc":{"start":{"line":31,"column":4},"end":{"line":37,"column":4}}},"2":{"name":"execute","line":42,"loc":{"start":{"line":42,"column":4},"end":{"line":63,"column":4}}}},"statementMap":{"1":{"start":{"line":33,"column":8},"end":{"line":33,"column":78}},"2":{"start":{"line":44,"column":8},"end":{"line":44,"column":1598}},"3":{"start":{"line":50,"column":8},"end":{"line":50,"column":17}},"4":{"start":{"line":51,"column":8},"end":{"line":51,"column":39}},"5":{"start":{"line":54,"column":8},"end":{"line":54,"column":1927}},"6":{"start":{"line":56,"column":12},"end":{"line":56,"column":2050}}},"branchMap":{"1":{"line":56,"type":"if","locations":[{"start":{"line":56,"column":12},"end":{"line":56,"column":12}},{"start":{"line":56,"column":12},"end":{"line":56,"column":12}}]},"2":{"line":57,"type":"cond-expr","locations":[{"start":{"line":57,"column":16},"end":{"line":57,"column":34}},{"start":{"line":58,"column":20},"end":{"line":58,"column":36}}]},"3":{"line":57,"type":"cond-expr","locations":[{"start":{"line":57,"column":16},"end":{"line":58,"column":36}},{"start":{"line":59,"column":20},"end":{"line":59,"column":53}}]}}},
"contracts/hooks/transfer/BadgerTransferBoundManaged.sol":{"l":{"37":0,"40":0,"48":0,"61":0,"62":0,"63":0,"66":0,"68":0,"71":0},"path":"/home/runner/work/badger/badger/contracts/contracts/hooks/transfer/BadgerTransferBoundManaged.sol","s":{"1":0,"2":0,"3":0,"4":0,"5":0,"6":0,"7":0},"b":{"1":[0,0],"2":[0,0],"3":[0,0],"4":[0,0]},"f":{"1":0,"2":0},"fnMap":{"1":{"name":"config","line":35,"loc":{"start":{"line":35,"column":4},"end":{"line":41,"column":4}}},"2":{"name":"execute","line":46,"loc":{"start":{"line":46,"column":4},"end":{"line":82,"column":4}}}},"statementMap":{"1":{"start":{"line":37,"column":8},"end":{"line":37,"column":78}},"2":{"start":{"line":48,"column":8},"end":{"line":48,"column":1766}},"3":{"start":{"line":61,"column":8},"end":{"line":61,"column":17}},"4":{"start":{"line":62,"column":8},"end":{"line":62,"column":18}},"5":{"start":{"line":63,"column":8},"end":{"line":63,"column":39}},"6":{"start":{"line":66,"column":8},"end":{"line":66,"column":2210}},"7":{"start":{"line":71,"column":12},"end":{"line":71,"column":2400}}},"branchMap":{"1":{"line":71,"type":"if","locations":[{"start":{"line":71,"column":12},"end":{"line":71,"column":12}},{"start":{"line":71,"column":12},"end":{"line":71,"column":12}}]},"2":{"line":72,"type":"cond-expr","locations":[{"start":{"line":72,"column":16},"end":{"line":72,"column":34}},{"start":{"line":73,"column":20},"end":{"line":73,"column":36}}]},"3":{"line":72,"type":"cond-expr","locations":[{"start":{"line":72,"column":16},"end":{"line":73,"column":36}},{"start":{"line":74,"column":20},"end":{"line":74,"column":48}}]},"4":{"line":72,"type":"cond-expr","locations":[{"start":{"line":72,"column":16},"end":{"line":74,"column":48}},{"start":{"line":75,"column":20},"end":{"line":78,"column":20}}]}}},
"contracts/hooks/types/BadgerForfeitHook.sol":{"l":{},"path":"/home/runner/work/badger/badger/contracts/contracts/hooks/types/BadgerForfeitHook.sol","s":{},"b":{},"f":{},"fnMap":{},"statementMap":{},"branchMap":{}},
"contracts/hooks/types/BadgerHookHook.sol":{"l":{},"path":"/home/runner/work/badger/badger/contracts/contracts/hooks/types/BadgerHookHook.sol","s":{},"b":{},"f":{},"fnMap":{},"statementMap":{},"branchMap":{}},
"contracts/hooks/types/BadgerMintHook.sol":{"l":{},"path":"/home/runner/work/badger/badger/contracts/contracts/hooks/types/BadgerMintHook.sol","s":{},"b":{},"f":{},"fnMap":{},"statementMap":{},"branchMap":{}},
"contracts/hooks/types/BadgerRevokeHook.sol":{"l":{},"path":"/home/runner/work/badger/badger/contracts/contracts/hooks/types/BadgerRevokeHook.sol","s":{},"b":{},"f":{},"fnMap":{},"statementMap":{},"branchMap":{}},
"contracts/hooks/types/BadgerTransferHook.sol":{"l":{},"path":"/home/runner/work/badger/badger/contracts/contracts/hooks/types/BadgerTransferHook.sol","s":{},"b":{},"f":{},"fnMap":{},"statementMap":{},"branchMap":{}},
"contracts/interfaces/IBadger.sol":{"l":{},"path":"/home/runner/work/badger/badger/contracts/contracts/interfaces/IBadger.sol","s":{},"b":{},"f":{},"fnMap":{},"statementMap":{},"branchMap":{}},
"contracts/interfaces/IBadgerConfigured.sol":{"l":{},"path":"/home/runner/work/badger/badger/contracts/contracts/interfaces/IBadgerConfigured.sol","s":{},"b":{},"f":{},"fnMap":{},"statementMap":{},"branchMap":{}},
"contracts/interfaces/IBadgerHook.sol":{"l":{},"path":"/home/runner/work/badger/badger/contracts/contracts/interfaces/IBadgerHook.sol","s":{},"b":{},"f":{},"fnMap":{},"statementMap":{},"branchMap":{}},
"contracts/interfaces/IBadgerHooked.sol":{"l":{},"path":"/home/runner/work/badger/badger/contracts/contracts/interfaces/IBadgerHooked.sol","s":{},"b":{},"f":{},"fnMap":{},"statementMap":{},"branchMap":{}},
"contracts/interfaces/IBadgerManaged.sol":{"l":{},"path":"/home/runner/work/badger/badger/contracts/contracts/interfaces/IBadgerManaged.sol","s":{},"b":{},"f":{},"fnMap":{},"statementMap":{},"branchMap":{}},
"contracts/interfaces/IBadgerOrganization.sol":{"l":{},"path":"/home/runner/work/badger/badger/contracts/contracts/interfaces/IBadgerOrganization.sol","s":{},"b":{},"f":{},"fnMap":{},"statementMap":{},"branchMap":{}},
"contracts/interfaces/IBadgerOrganizationLogic.sol":{"l":{},"path":"/home/runner/work/badger/badger/contracts/contracts/interfaces/IBadgerOrganizationLogic.sol","s":{},"b":{},"f":{},"fnMap":{},"statementMap":{},"branchMap":{}},
"contracts/interfaces/IBadgerOrganizationStruct.sol":{"l":{},"path":"/home/runner/work/badger/badger/contracts/contracts/interfaces/IBadgerOrganizationStruct.sol","s":{},"b":{},"f":{},"fnMap":{},"statementMap":{},"branchMap":{}},
"contracts/managers/BadgerManaged.sol":{"l":{"37":7,"40":7,"55":2,"61":2,"67":2,"75":2,"78":2},"path":"/home/runner/work/badger/badger/contracts/contracts/managers/BadgerManaged.sol","s":{"1":7,"2":2,"3":2,"4":2,"5":2,"6":2},"b":{"1":[2,0],"2":[2,0],"3":[2,0]},"f":{"1":7,"2":2},"fnMap":{"1":{"name":"_setManager","line":35,"loc":{"start":{"line":35,"column":4},"end":{"line":41,"column":4}}},"2":{"name":"_configManager","line":49,"loc":{"start":{"line":49,"column":4},"end":{"line":79,"column":4}}}},"statementMap":{"1":{"start":{"line":40,"column":8},"end":{"line":40,"column":45}},"2":{"start":{"line":55,"column":8},"end":{"line":55,"column":2098}},"3":{"start":{"line":61,"column":8},"end":{"line":61,"column":2317}},"4":{"start":{"line":67,"column":8},"end":{"line":67,"column":2532}},"5":{"start":{"line":75,"column":8},"end":{"line":75,"column":40}},"6":{"start":{"line":78,"column":8},"end":{"line":78,"column":45}}},"branchMap":{"1":{"line":55,"type":"if","locations":[{"start":{"line":55,"column":8},"end":{"line":55,"column":8}},{"start":{"line":55,"column":8},"end":{"line":55,"column":8}}]},"2":{"line":61,"type":"if","locations":[{"start":{"line":61,"column":8},"end":{"line":61,"column":8}},{"start":{"line":61,"column":8},"end":{"line":61,"column":8}}]},"3":{"line":67,"type":"if","locations":[{"start":{"line":67,"column":8},"end":{"line":67,"column":8}},{"start":{"line":67,"column":8},"end":{"line":67,"column":8}}]}}},
"contracts/managers/BadgerManager.sol":{"l":{"20":2},"path":"/home/runner/work/badger/badger/contracts/contracts/managers/BadgerManager.sol","s":{"1":2},"b":{"1":[2,0]},"f":{"1":2},"fnMap":{"1":{"name":"supportsInterface","line":13,"loc":{"start":{"line":13,"column":4},"end":{"line":23,"column":4}}}},"statementMap":{"1":{"start":{"line":20,"column":8},"end":{"line":20,"column":573}}},"branchMap":{"1":{"line":21,"type":"cond-expr","locations":[{"start":{"line":21,"column":12},"end":{"line":21,"column":61}},{"start":{"line":22,"column":12},"end":{"line":22,"column":47}}]}}},
"contracts/managers/BadgerManagerClaimable.sol":{"l":{"35":2,"37":2,"43":2,"58":0},"path":"/home/runner/work/badger/badger/contracts/contracts/managers/BadgerManagerClaimable.sol","s":{"1":2,"2":2,"3":0},"b":{"1":[2,0]},"f":{"1":2,"2":0},"fnMap":{"1":{"name":"config","line":33,"loc":{"start":{"line":33,"column":4},"end":{"line":44,"column":4}}},"2":{"name":"mint","line":52,"loc":{"start":{"line":52,"column":4},"end":{"line":64,"column":4}}}},"statementMap":{"1":{"start":{"line":35,"column":8},"end":{"line":35,"column":78}},"2":{"start":{"line":37,"column":8},"end":{"line":37,"column":1379}},"3":{"start":{"line":58,"column":8},"end":{"line":58,"column":2055}}},"branchMap":{"1":{"line":37,"type":"if","locations":[{"start":{"line":37,"column":8},"end":{"line":37,"column":8}},{"start":{"line":37,"column":8},"end":{"line":37,"column":8}}]}}},
"contracts/managers/BadgerManagerPaidERC1155.sol":{"l":{},"path":"/home/runner/work/badger/badger/contracts/contracts/managers/BadgerManagerPaidERC1155.sol","s":{},"b":{},"f":{},"fnMap":{},"statementMap":{},"branchMap":{}},
"contracts/managers/BadgerManagerPaidERC20.sol":{"l":{},"path":"/home/runner/work/badger/badger/contracts/contracts/managers/BadgerManagerPaidERC20.sol","s":{},"b":{},"f":{},"fnMap":{},"statementMap":{},"branchMap":{}},
"contracts/managers/BadgerManagerPaidERC721.sol":{"l":{},"path":"/home/runner/work/badger/badger/contracts/contracts/managers/BadgerManagerPaidERC721.sol","s":{},"b":{},"f":{},"fnMap":{},"statementMap":{},"branchMap":{}},
"contracts/managers/BadgerManagerPaidNative.sol":{"l":{},"path":"/home/runner/work/badger/badger/contracts/contracts/managers/BadgerManagerPaidNative.sol","s":{},"b":{},"f":{},"fnMap":{},"statementMap":{},"branchMap":{}},
"contracts/managers/BadgerManagerSignature.sol":{"l":{"41":0,"44":0,"67":0,"73":0,"79":0,"92":0,"95":0,"98":0,"104":0},"path":"/home/runner/work/badger/badger/contracts/contracts/managers/BadgerManagerSignature.sol","s":{"1":0,"2":0,"3":0,"4":0,"5":0,"6":0,"7":0,"8":0},"b":{"1":[0,0],"2":[0,0],"3":[0,0]},"f":{"1":0,"2":0},"fnMap":{"1":{"name":"config","line":39,"loc":{"start":{"line":39,"column":4},"end":{"line":45,"column":4}}},"2":{"name":"mint","line":57,"loc":{"start":{"line":57,"column":4},"end":{"line":110,"column":4}}}},"statementMap":{"1":{"start":{"line":41,"column":8},"end":{"line":41,"column":78}},"2":{"start":{"line":67,"column":8},"end":{"line":67,"column":2465}},"3":{"start":{"line":73,"column":8},"end":{"line":73,"column":2661}},"4":{"start":{"line":79,"column":8},"end":{"line":79,"column":2850}},"5":{"start":{"line":92,"column":8},"end":{"line":92,"column":60}},"6":{"start":{"line":95,"column":8},"end":{"line":95,"column":56}},"7":{"start":{"line":98,"column":8},"end":{"line":98,"column":3352}},"8":{"start":{"line":104,"column":8},"end":{"line":104,"column":3545}}},"branchMap":{"1":{"line":67,"type":"if","locations":[{"start":{"line":67,"column":8},"end":{"line":67,"column":8}},{"start":{"line":67,"column":8},"end":{"line":67,"column":8}}]},"2":{"line":73,"type":"if","locations":[{"start":{"line":73,"column":8},"end":{"line":73,"column":8}},{"start":{"line":73,"column":8},"end":{"line":73,"column":8}}]},"3":{"line":98,"type":"if","locations":[{"start":{"line":98,"column":8},"end":{"line":98,"column":8}},{"start":{"line":98,"column":8},"end":{"line":98,"column":8}}]}}}}
