TN:
SF:/home/runner/work/badger/badger/contracts/contracts/Badger.sol
FN:45,constructor
FN:63,createOrganization
FN:99,getOrganization
FN:118,supportsInterface
FN:134,_organizationHash
FNF:5
FNH:5
FNDA:4,constructor
FNDA:2,createOrganization
FNDA:1,getOrganization
FNDA:2,supportsInterface
FNDA:3,_organizationHash
DA:47,4
DA:53,3
DA:69,2
DA:70,2
DA:74,2
DA:79,2
DA:82,2
DA:85,2
DA:106,1
DA:125,2
DA:139,3
LF:11
LH:11
BRDA:47,1,0,3
BRDA:47,1,1,1
BRDA:126,2,0,1
BRDA:126,2,1,1
BRF:4
BRH:4
end_of_record
TN:
SF:/home/runner/work/badger/badger/contracts/contracts/BadgerNetwork.sol
FN:8,_configNetwork
FNF:1
FNH:1
FNDA:4,_configNetwork
DA:13,4
DA:16,4
LF:2
LH:2
BRF:0
BRH:0
end_of_record
TN:
SF:/home/runner/work/badger/badger/contracts/contracts/BadgerOrganization.sol
FN:37,mint
FN:50,mintBatch
FN:81,revoke
FN:93,revokeBatch
FN:114,forfeit
FN:131,contractURI
FN:138,uri
FN:160,supportsInterface
FNF:8
FNH:8
FNDA:4,mint
FNDA:3,mintBatch
FNDA:1,revoke
FNDA:2,revokeBatch
FNDA:1,forfeit
FNDA:1,contractURI
FNDA:4,uri
FNDA:4,supportsInterface
DA:39,4
DA:52,3
DA:53,3
DA:54,3
DA:56,3
DA:62,2
DA:64,3
DA:83,1
DA:95,2
DA:96,2
DA:97,2
DA:99,2
DA:105,1
DA:107,1
DA:120,1
DA:132,1
DA:146,4
DA:149,4
DA:150,2
DA:154,2
DA:167,4
LF:21
LH:21
BRDA:37,1,0,4
BRDA:37,1,1,1
BRDA:50,2,0,3
BRDA:50,2,1,1
BRDA:56,3,0,2
BRDA:56,3,1,1
BRDA:81,4,0,1
BRDA:81,4,1,1
BRDA:93,5,0,2
BRDA:93,5,1,1
BRDA:99,6,0,1
BRDA:99,6,1,1
BRDA:149,7,0,2
BRDA:149,7,1,2
BRDA:168,8,0,1
BRDA:168,8,1,2
BRF:16
BRH:16
end_of_record
TN:
SF:/home/runner/work/badger/badger/contracts/contracts/BadgerOrganizationLogic.sol
FN:47,constructor
FN:61,initialize
FN:87,onlyOrganizationManager
FN:99,onlyBadgeManager
FN:118,setOrganizationURI
FN:137,setBadgeURI
FN:155,setManagers
FN:193,setManagers
FN:231,setHooks
FN:265,configManager
FN:278,configManager
FN:290,configHook
FN:302,isOrganizationManager
FN:316,isBadgeManager
FN:330,supportsInterface
FN:350,_setOrganizationURI
FN:363,_setBadgeURI
FN:380,_mint
FN:402,_revoke
FN:422,_forfeit
FN:438,_beforeTokenTransfer
FN:464,_isOrganizationManager
FN:482,_isBadgeManager
FN:499,_managerHash
FN:510,_badgeManagerHash
FNF:25
FNH:25
FNDA:3,constructor
FNDA:2,initialize
FNDA:24,onlyOrganizationManager
FNDA:20,onlyBadgeManager
FNDA:2,setOrganizationURI
FNDA:3,setBadgeURI
FNDA:5,setManagers
FNDA:6,setManagers
FNDA:7,setHooks
FNDA:1,configManager
FNDA:1,configManager
FNDA:3,configHook
FNDA:3,isOrganizationManager
FNDA:3,isBadgeManager
FNDA:3,supportsInterface
FNDA:3,_setOrganizationURI
FNDA:2,_setBadgeURI
FNDA:7,_mint
FNDA:2,_revoke
FNDA:1,_forfeit
FNDA:11,_beforeTokenTransfer
FNDA:50,_isOrganizationManager
FNDA:23,_isBadgeManager
FNDA:20,_managerHash
FNDA:14,_badgeManagerHash
DA:48,3
DA:64,2
DA:67,2
DA:70,2
DA:73,2
DA:76,2
DA:77,2
DA:88,24
DA:92,19
DA:100,20
DA:104,14
DA:121,2
DA:127,1
DA:140,3
DA:146,2
DA:157,5
DA:158,5
DA:159,5
DA:160,5
DA:162,5
DA:168,4
DA:170,4
DA:173,4
DA:179,3
DA:182,3
DA:195,6
DA:196,6
DA:197,6
DA:198,6
DA:200,6
DA:206,5
DA:208,5
DA:211,5
DA:217,4
DA:220,4
DA:233,7
DA:234,7
DA:235,7
DA:237,7
DA:243,6
DA:245,6
DA:248,6
DA:254,5
DA:268,1
DA:280,1
DA:292,3
DA:310,3
DA:324,3
DA:337,3
DA:352,3
DA:355,3
DA:365,2
DA:368,2
DA:388,7
DA:391,7
DA:409,2
DA:412,2
DA:428,1
DA:431,1
DA:447,11
DA:472,50
DA:490,23
DA:501,20
DA:516,14
LF:64
LH:64
BRDA:61,1,0,2
BRDA:61,1,1,1
BRDA:88,2,0,19
BRDA:88,2,1,5
BRDA:100,3,0,14
BRDA:100,3,1,6
BRDA:118,4,0,2
BRDA:118,4,1,1
BRDA:121,5,0,1
BRDA:121,5,1,1
BRDA:137,6,0,3
BRDA:137,6,1,1
BRDA:140,7,0,2
BRDA:140,7,1,1
BRDA:155,8,0,5
BRDA:155,8,1,1
BRDA:162,9,0,4
BRDA:162,9,1,1
BRDA:173,10,0,3
BRDA:173,10,1,1
BRDA:193,11,0,6
BRDA:193,11,1,1
BRDA:200,12,0,5
BRDA:200,12,1,1
BRDA:211,13,0,4
BRDA:211,13,1,1
BRDA:231,14,0,7
BRDA:231,14,1,1
BRDA:237,15,0,6
BRDA:237,15,1,1
BRDA:248,16,0,5
BRDA:248,16,1,1
BRDA:265,17,0,1
BRDA:265,17,1,1
BRDA:278,18,0,1
BRDA:278,18,1,1
BRDA:290,19,0,3
BRDA:290,19,1,1
BRDA:338,20,0,1
BRDA:338,20,1,1
BRDA:472,21,0,34
BRDA:472,21,1,1
BRDA:490,22,0,14
BRDA:490,22,1,2
BRF:44
BRH:44
end_of_record
TN:
SF:/home/runner/work/badger/badger/contracts/contracts/hooks/BadgerHook.sol
FN:19,supportsInterface
FNF:1
FNH:1
FNDA:9,supportsInterface
DA:26,9
LF:1
LH:1
BRDA:27,1,0,5
BRDA:27,1,1,2
BRDA:27,2,0,2
BRDA:27,2,1,1
BRF:4
BRH:4
end_of_record
TN:
SF:/home/runner/work/badger/badger/contracts/contracts/hooks/BadgerHooked.sol
FN:73,getHooks
FN:108,_setHook
FN:141,_configHook
FN:178,_hook
FNF:4
FNH:4
FNDA:2,getHooks
FNDA:5,_setHook
FNDA:3,_configHook
FNDA:24,_hook
DA:80,2
DA:83,2
DA:84,2
DA:87,2
DA:90,2
DA:91,1
DA:95,2
DA:114,5
DA:120,4
DA:122,3
DA:125,3
DA:128,1
DA:132,4
DA:147,3
DA:153,2
DA:159,2
DA:167,2
DA:170,2
DA:180,24
DA:183,24
DA:184,24
DA:187,24
DA:189,2
LF:23
LH:23
BRDA:114,1,0,4
BRDA:114,1,1,1
BRDA:120,2,0,3
BRDA:120,2,1,1
BRDA:147,3,0,2
BRDA:147,3,1,1
BRDA:153,4,0,2
BRDA:153,4,1,0
BRDA:159,5,0,2
BRDA:159,5,1,0
BRF:10
BRH:8
end_of_record
TN:
SF:/home/runner/work/badger/badger/contracts/contracts/hooks/forfeit/BadgerForfeitForbidden.sol
FN:31,config
FN:42,execute
FNF:2
FNH:0
FNDA:0,config
FNDA:0,execute
DA:33,0
DA:36,0
DA:44,0
DA:49,0
LF:4
LH:0
BRDA:49,1,0,0
BRDA:49,1,1,0
BRF:2
BRH:0
end_of_record
TN:
SF:/home/runner/work/badger/badger/contracts/contracts/hooks/hook/BadgerHookBlocklist.sol
FN:31,config
FN:42,execute
FNF:2
FNH:0
FNDA:0,config
FNDA:0,execute
DA:33,0
DA:36,0
DA:44,0
DA:52,0
LF:4
LH:0
BRDA:52,1,0,0
BRDA:52,1,1,0
BRDA:53,2,0,0
BRDA:53,2,1,0
BRF:4
BRH:0
end_of_record
TN:
SF:/home/runner/work/badger/badger/contracts/contracts/hooks/mint/BadgerMintMax.sol
FN:35,config
FN:52,execute
FNF:2
FNH:0
FNDA:0,config
FNDA:0,execute
DA:37,0
DA:40,0
DA:46,0
DA:54,0
DA:60,0
DA:63,0
LF:6
LH:0
BRDA:40,1,0,0
BRDA:40,1,1,0
BRDA:63,2,0,0
BRDA:63,2,1,0
BRF:4
BRH:0
end_of_record
TN:
SF:/home/runner/work/badger/badger/contracts/contracts/hooks/mint/BadgerMintMaxAllowance.sol
FN:35,config
FN:52,execute
FNF:2
FNH:0
FNDA:0,config
FNDA:0,execute
DA:37,0
DA:40,0
DA:46,0
DA:54,0
DA:60,0
DA:63,0
LF:6
LH:0
BRDA:40,1,0,0
BRDA:40,1,1,0
BRDA:63,2,0,0
BRDA:63,2,1,0
BRF:4
BRH:0
end_of_record
TN:
SF:/home/runner/work/badger/badger/contracts/contracts/hooks/mint/BadgerMintMaxSupply.sol
FN:34,config
FN:54,execute
FNF:2
FNH:0
FNDA:0,config
FNDA:0,execute
DA:36,0
DA:42,0
DA:48,0
DA:56,0
DA:62,0
DA:65,0
LF:6
LH:0
BRDA:42,1,0,0
BRDA:42,1,1,0
BRDA:65,2,0,0
BRDA:65,2,1,0
BRF:4
BRH:0
end_of_record
TN:
SF:/home/runner/work/badger/badger/contracts/contracts/hooks/mint/BadgerMintSelf.sol
FN:32,config
FN:43,execute
FNF:2
FNH:0
FNDA:0,config
FNDA:0,execute
DA:34,0
DA:37,0
DA:45,0
DA:51,0
DA:53,0
LF:5
LH:0
BRDA:53,1,0,0
BRDA:53,1,1,0
BRDA:54,2,0,0
BRDA:54,2,1,0
BRF:4
BRH:0
end_of_record
TN:
SF:/home/runner/work/badger/badger/contracts/contracts/hooks/revoke/BadgerRevokeForbidden.sol
FN:31,config
FN:42,execute
FNF:2
FNH:0
FNDA:0,config
FNDA:0,execute
DA:33,0
DA:36,0
DA:44,0
DA:50,0
LF:4
LH:0
BRDA:50,1,0,0
BRDA:50,1,1,0
BRF:2
BRH:0
end_of_record
TN:
SF:/home/runner/work/badger/badger/contracts/contracts/hooks/transfer/BadgerTransferBlocklist.sol
FN:34,config
FN:45,execute
FNF:2
FNH:0
FNDA:0,config
FNDA:0,execute
DA:36,0
DA:39,0
DA:47,0
DA:53,0
LF:4
LH:0
BRDA:53,1,0,0
BRDA:53,1,1,0
BRF:2
BRH:0
end_of_record
TN:
SF:/home/runner/work/badger/badger/contracts/contracts/hooks/transfer/BadgerTransferBound.sol
FN:31,config
FN:42,execute
FNF:2
FNH:2
FNDA:2,config
FNDA:2,execute
DA:33,2
DA:36,2
DA:44,2
DA:50,2
DA:51,2
DA:54,2
DA:56,2
LF:7
LH:7
BRDA:56,1,0,1
BRDA:56,1,1,1
BRDA:57,2,0,1
BRDA:57,2,1,0
BRDA:57,3,0,0
BRDA:57,3,1,0
BRF:6
BRH:3
end_of_record
TN:
SF:/home/runner/work/badger/badger/contracts/contracts/hooks/transfer/BadgerTransferBoundManaged.sol
FN:35,config
FN:46,execute
FNF:2
FNH:0
FNDA:0,config
FNDA:0,execute
DA:37,0
DA:40,0
DA:48,0
DA:61,0
DA:62,0
DA:63,0
DA:66,0
DA:68,0
DA:71,0
LF:9
LH:0
BRDA:71,1,0,0
BRDA:71,1,1,0
BRDA:72,2,0,0
BRDA:72,2,1,0
BRDA:72,3,0,0
BRDA:72,3,1,0
BRDA:72,4,0,0
BRDA:72,4,1,0
BRF:8
BRH:0
end_of_record
TN:
SF:/home/runner/work/badger/badger/contracts/contracts/hooks/types/BadgerForfeitHook.sol
FNF:0
FNH:0
LF:0
LH:0
BRF:0
BRH:0
end_of_record
TN:
SF:/home/runner/work/badger/badger/contracts/contracts/hooks/types/BadgerHookHook.sol
FNF:0
FNH:0
LF:0
LH:0
BRF:0
BRH:0
end_of_record
TN:
SF:/home/runner/work/badger/badger/contracts/contracts/hooks/types/BadgerMintHook.sol
FNF:0
FNH:0
LF:0
LH:0
BRF:0
BRH:0
end_of_record
TN:
SF:/home/runner/work/badger/badger/contracts/contracts/hooks/types/BadgerRevokeHook.sol
FNF:0
FNH:0
LF:0
LH:0
BRF:0
BRH:0
end_of_record
TN:
SF:/home/runner/work/badger/badger/contracts/contracts/hooks/types/BadgerTransferHook.sol
FNF:0
FNH:0
LF:0
LH:0
BRF:0
BRH:0
end_of_record
TN:
SF:/home/runner/work/badger/badger/contracts/contracts/interfaces/IBadger.sol
FNF:0
FNH:0
LF:0
LH:0
BRF:0
BRH:0
end_of_record
TN:
SF:/home/runner/work/badger/badger/contracts/contracts/interfaces/IBadgerConfigured.sol
FNF:0
FNH:0
LF:0
LH:0
BRF:0
BRH:0
end_of_record
TN:
SF:/home/runner/work/badger/badger/contracts/contracts/interfaces/IBadgerHook.sol
FNF:0
FNH:0
LF:0
LH:0
BRF:0
BRH:0
end_of_record
TN:
SF:/home/runner/work/badger/badger/contracts/contracts/interfaces/IBadgerHooked.sol
FNF:0
FNH:0
LF:0
LH:0
BRF:0
BRH:0
end_of_record
TN:
SF:/home/runner/work/badger/badger/contracts/contracts/interfaces/IBadgerManaged.sol
FNF:0
FNH:0
LF:0
LH:0
BRF:0
BRH:0
end_of_record
TN:
SF:/home/runner/work/badger/badger/contracts/contracts/interfaces/IBadgerOrganization.sol
FNF:0
FNH:0
LF:0
LH:0
BRF:0
BRH:0
end_of_record
TN:
SF:/home/runner/work/badger/badger/contracts/contracts/interfaces/IBadgerOrganizationLogic.sol
FNF:0
FNH:0
LF:0
LH:0
BRF:0
BRH:0
end_of_record
TN:
SF:/home/runner/work/badger/badger/contracts/contracts/interfaces/IBadgerOrganizationStruct.sol
FNF:0
FNH:0
LF:0
LH:0
BRF:0
BRH:0
end_of_record
TN:
SF:/home/runner/work/badger/badger/contracts/contracts/managers/BadgerManaged.sol
FN:35,_setManager
FN:49,_configManager
FNF:2
FNH:2
FNDA:7,_setManager
FNDA:2,_configManager
DA:37,7
DA:40,7
DA:55,2
DA:61,2
DA:67,2
DA:75,2
DA:78,2
LF:7
LH:7
BRDA:55,1,0,2
BRDA:55,1,1,0
BRDA:61,2,0,2
BRDA:61,2,1,0
BRDA:67,3,0,2
BRDA:67,3,1,0
BRF:6
BRH:3
end_of_record
TN:
SF:/home/runner/work/badger/badger/contracts/contracts/managers/BadgerManager.sol
FN:13,supportsInterface
FNF:1
FNH:1
FNDA:2,supportsInterface
DA:20,2
LF:1
LH:1
BRDA:21,1,0,2
BRDA:21,1,1,0
BRF:2
BRH:1
end_of_record
TN:
SF:/home/runner/work/badger/badger/contracts/contracts/managers/BadgerManagerClaimable.sol
FN:33,config
FN:52,mint
FNF:2
FNH:1
FNDA:2,config
FNDA:0,mint
DA:35,2
DA:37,2
DA:43,2
DA:58,0
LF:4
LH:3
BRDA:37,1,0,2
BRDA:37,1,1,0
BRF:2
BRH:1
end_of_record
TN:
SF:/home/runner/work/badger/badger/contracts/contracts/managers/BadgerManagerPaidERC1155.sol
FNF:0
FNH:0
LF:0
LH:0
BRF:0
BRH:0
end_of_record
TN:
SF:/home/runner/work/badger/badger/contracts/contracts/managers/BadgerManagerPaidERC20.sol
FNF:0
FNH:0
LF:0
LH:0
BRF:0
BRH:0
end_of_record
TN:
SF:/home/runner/work/badger/badger/contracts/contracts/managers/BadgerManagerPaidERC721.sol
FNF:0
FNH:0
LF:0
LH:0
BRF:0
BRH:0
end_of_record
TN:
SF:/home/runner/work/badger/badger/contracts/contracts/managers/BadgerManagerPaidNative.sol
FNF:0
FNH:0
LF:0
LH:0
BRF:0
BRH:0
end_of_record
TN:
SF:/home/runner/work/badger/badger/contracts/contracts/managers/BadgerManagerSignature.sol
FN:39,config
FN:57,mint
FNF:2
FNH:0
FNDA:0,config
FNDA:0,mint
DA:41,0
DA:44,0
DA:67,0
DA:73,0
DA:79,0
DA:92,0
DA:95,0
DA:98,0
DA:104,0
LF:9
LH:0
BRDA:67,1,0,0
BRDA:67,1,1,0
BRDA:73,2,0,0
BRDA:73,2,1,0
BRDA:98,3,0,0
BRDA:98,3,1,0
BRF:6
BRH:0
end_of_record
