{"contracts\\Badger\\Badger.sol":{"l":{"68":2,"72":2,"84":2,"95":2,"123":1,"124":1,"128":0,"134":0,"145":0,"152":0,"155":0,"181":2,"187":2,"208":3},"path":"D:\\GitHub\\authkey\\contracts\\contracts\\Badger\\Badger.sol","s":{"1":2,"2":2,"3":2,"4":2,"5":1,"6":1,"7":0,"8":0,"9":0,"10":0,"11":2,"12":2,"13":3},"b":{"1":[1,0],"2":[0,0],"3":[2,1],"4":[1,1],"5":[1,2]},"f":{"1":3,"2":2,"3":1,"4":2,"5":3},"fnMap":{"1":{"name":"constructor","line":31,"loc":{"start":{"line":28,"column":4},"end":{"line":32,"column":5}}},"2":{"name":"createOrganization","line":52,"loc":{"start":{"line":52,"column":4},"end":{"line":96,"column":4}}},"3":{"name":"onERC1155Received","line":109,"loc":{"start":{"line":109,"column":4},"end":{"line":156,"column":4}}},"4":{"name":"execTransaction","line":178,"loc":{"start":{"line":170,"column":4},"end":{"line":191,"column":4}}},"5":{"name":"supportsInterface","line":198,"loc":{"start":{"line":198,"column":4},"end":{"line":212,"column":4}}}},"statementMap":{"1":{"start":{"line":68,"column":8},"end":{"line":68,"column":58}},"2":{"start":{"line":72,"column":8},"end":{"line":72,"column":2818}},"3":{"start":{"line":84,"column":8},"end":{"line":84,"column":3518}},"4":{"start":{"line":95,"column":8},"end":{"line":95,"column":27}},"5":{"start":{"line":123,"column":8},"end":{"line":123,"column":4761}},"6":{"start":{"line":124,"column":12},"end":{"line":124,"column":50}},"7":{"start":{"line":128,"column":8},"end":{"line":128,"column":4943}},"8":{"start":{"line":134,"column":8},"end":{"line":134,"column":5128}},"9":{"start":{"line":145,"column":8},"end":{"line":145,"column":5520}},"10":{"start":{"line":155,"column":8},"end":{"line":155,"column":46}},"11":{"start":{"line":181,"column":8},"end":{"line":181,"column":6881}},"12":{"start":{"line":187,"column":8},"end":{"line":187,"column":7056}},"13":{"start":{"line":208,"column":8},"end":{"line":208,"column":7531}}},"branchMap":{"1":{"line":123,"type":"if","locations":[{"start":{"line":123,"column":8},"end":{"line":123,"column":8}},{"start":{"line":123,"column":8},"end":{"line":123,"column":8}}]},"2":{"line":134,"type":"if","locations":[{"start":{"line":134,"column":8},"end":{"line":134,"column":8}},{"start":{"line":134,"column":8},"end":{"line":134,"column":8}}]},"3":{"line":178,"type":"if","locations":[{"start":{"line":178,"column":8},"end":{"line":178,"column":8}},{"start":{"line":178,"column":8},"end":{"line":178,"column":8}}]},"4":{"line":187,"type":"if","locations":[{"start":{"line":187,"column":8},"end":{"line":187,"column":8}},{"start":{"line":187,"column":8},"end":{"line":187,"column":8}}]},"5":{"line":209,"type":"cond-expr","locations":[{"start":{"line":209,"column":15},"end":{"line":209,"column":63}},{"start":{"line":210,"column":15},"end":{"line":210,"column":51}}]}}},"contracts\\Badger\\BadgerVersions.sol":{"l":{"43":3,"97":7,"100":7,"106":6,"114":5,"115":3,"124":2,"156":1,"173":3,"198":5,"206":5,"243":2,"246":2,"249":2,"254":2,"263":2,"269":2,"288":2},"path":"D:\\GitHub\\authkey\\contracts\\contracts\\Badger\\BadgerVersions.sol","s":{"1":3,"2":7,"3":7,"4":6,"5":5,"6":3,"7":2,"8":1,"9":3,"10":5,"11":2,"12":2,"13":2,"14":2,"15":2,"16":2},"b":{"1":[6,1],"2":[5,1],"3":[3,2],"4":[3,2],"5":[0,3],"6":[1,1]},"f":{"1":3,"2":7,"3":1,"4":3,"5":5,"6":2,"7":2},"fnMap":{"1":{"name":"constructor","line":39,"loc":{"start":{"line":39,"column":4},"end":{"line":55,"column":4}}},"2":{"name":"setVersion","line":84,"loc":{"start":{"line":84,"column":4},"end":{"line":136,"column":4}}},"3":{"name":"getVersionKey","line":145,"loc":{"start":{"line":145,"column":4},"end":{"line":157,"column":4}}},"4":{"name":"getLicenseKey","line":162,"loc":{"start":{"line":162,"column":4},"end":{"line":179,"column":4}}},"5":{"name":"_setVersion","line":188,"loc":{"start":{"line":188,"column":4},"end":{"line":209,"column":4}}},"6":{"name":"_createOrganization","line":223,"loc":{"start":{"line":223,"column":4},"end":{"line":270,"column":4}}},"7":{"name":"supportsInterface","line":277,"loc":{"start":{"line":277,"column":4},"end":{"line":292,"column":4}}}},"statementMap":{"1":{"start":{"line":43,"column":8},"end":{"line":43,"column":1680}},"2":{"start":{"line":97,"column":8},"end":{"line":97,"column":58}},"3":{"start":{"line":100,"column":8},"end":{"line":100,"column":3446}},"4":{"start":{"line":106,"column":8},"end":{"line":106,"column":3641}},"5":{"start":{"line":114,"column":8},"end":{"line":114,"column":4014}},"6":{"start":{"line":115,"column":12},"end":{"line":115,"column":4061}},"7":{"start":{"line":124,"column":8},"end":{"line":124,"column":4375}},"8":{"start":{"line":156,"column":8},"end":{"line":156,"column":51}},"9":{"start":{"line":173,"column":8},"end":{"line":173,"column":5479}},"10":{"start":{"line":206,"column":8},"end":{"line":206,"column":6421}},"11":{"start":{"line":246,"column":8},"end":{"line":246,"column":61}},"12":{"start":{"line":249,"column":8},"end":{"line":249,"column":8302}},"13":{"start":{"line":254,"column":8},"end":{"line":254,"column":8503}},"14":{"start":{"line":263,"column":8},"end":{"line":263,"column":8742}},"15":{"start":{"line":269,"column":8},"end":{"line":269,"column":34}},"16":{"start":{"line":288,"column":8},"end":{"line":288,"column":9333}}},"branchMap":{"1":{"line":100,"type":"if","locations":[{"start":{"line":100,"column":8},"end":{"line":100,"column":8}},{"start":{"line":100,"column":8},"end":{"line":100,"column":8}}]},"2":{"line":106,"type":"if","locations":[{"start":{"line":106,"column":8},"end":{"line":106,"column":8}},{"start":{"line":106,"column":8},"end":{"line":106,"column":8}}]},"3":{"line":107,"type":"cond-expr","locations":[{"start":{"line":107,"column":17},"end":{"line":107,"column":43}},{"start":{"line":108,"column":17},"end":{"line":108,"column":45}}]},"4":{"line":114,"type":"if","locations":[{"start":{"line":114,"column":8},"end":{"line":114,"column":8}},{"start":{"line":114,"column":8},"end":{"line":114,"column":8}}]},"5":{"line":115,"type":"if","locations":[{"start":{"line":115,"column":12},"end":{"line":115,"column":12}},{"start":{"line":115,"column":12},"end":{"line":115,"column":12}}]},"6":{"line":289,"type":"cond-expr","locations":[{"start":{"line":289,"column":15},"end":{"line":289,"column":71}},{"start":{"line":290,"column":15},"end":{"line":290,"column":75}}]}}},"contracts\\Badger\\interfaces\\BadgerInterface.sol":{"l":{},"path":"D:\\GitHub\\authkey\\contracts\\contracts\\Badger\\interfaces\\BadgerInterface.sol","s":{},"b":{},"f":{},"fnMap":{},"statementMap":{},"branchMap":{}},"contracts\\Badger\\interfaces\\BadgerVersionsInterface.sol":{"l":{},"path":"D:\\GitHub\\authkey\\contracts\\contracts\\Badger\\interfaces\\BadgerVersionsInterface.sol","s":{},"b":{},"f":{},"fnMap":{},"statementMap":{},"branchMap":{}},"contracts\\BadgerOrganization\\BadgerOrganization.sol":{"l":{"47":2,"50":2,"51":2,"54":2,"56":2,"58":2,"85":0,"114":0,"120":0,"121":0,"127":0,"159":0,"166":0,"167":0,"168":0,"173":0,"176":0,"179":0,"207":0,"210":0,"220":0,"227":0,"230":0,"236":0,"262":0,"287":0,"292":0,"293":0,"299":0,"330":0,"336":0,"337":0,"338":0,"343":0,"346":0,"356":0,"376":0,"402":2,"405":2,"406":1,"410":1,"428":0,"435":0,"460":0,"466":0,"474":0,"505":0,"508":0,"529":0,"532":0,"535":0,"542":0,"576":1,"577":1,"581":0,"587":0,"590":0,"598":0,"616":0,"638":0,"639":0,"643":0,"649":0,"652":0,"660":0,"678":0,"698":0},"path":"D:\\GitHub\\authkey\\contracts\\contracts\\BadgerOrganization\\BadgerOrganization.sol","s":{"1":2,"2":2,"3":2,"4":2,"5":0,"6":0,"7":0,"8":0,"9":0,"10":0,"11":0,"12":0,"13":0,"14":0,"15":0,"16":0,"17":0,"18":0,"19":0,"20":0,"21":0,"22":0,"23":0,"24":0,"25":0,"26":0,"27":0,"28":0,"29":0,"30":0,"31":0,"32":0,"33":0,"34":2,"35":2,"36":1,"37":1,"38":0,"39":0,"40":0,"41":0,"42":0,"43":0,"44":0,"45":0,"46":0,"47":0,"48":0,"49":1,"50":1,"51":0,"52":0,"53":0,"54":0,"55":0,"56":0,"57":0,"58":0,"59":0,"60":0,"61":0,"62":0,"63":0},"b":{"1":[2,0],"2":[0,0],"3":[0,0],"4":[0,0],"5":[0,0],"6":[0,0],"7":[0,0],"8":[0,0],"9":[0,0],"10":[0,0],"11":[0,0],"12":[0,0],"13":[0,0],"14":[0,0],"15":[0,0],"16":[0,0],"17":[1,1],"18":[1,0],"19":[0,0],"20":[0,0],"21":[0,0],"22":[0,0]},"f":{"1":2,"2":0,"3":0,"4":0,"5":0,"6":0,"7":0,"8":0,"9":0,"10":2,"11":0,"12":0,"13":0,"14":0,"15":1,"16":0,"17":0,"18":0,"19":0},"fnMap":{"1":{"name":"initialize","line":44,"loc":{"start":{"line":36,"column":4},"end":{"line":59,"column":4}}},"2":{"name":"leaderMint","line":82,"loc":{"start":{"line":72,"column":4},"end":{"line":91,"column":4}}},"3":{"name":"leaderMintBatch","line":111,"loc":{"start":{"line":101,"column":4},"end":{"line":134,"column":4}}},"4":{"name":"leaderMintFullBatch","line":150,"loc":{"start":{"line":150,"column":4},"end":{"line":186,"column":4}}},"5":{"name":"claimMint","line":205,"loc":{"start":{"line":195,"column":4},"end":{"line":242,"column":4}}},"6":{"name":"revoke","line":259,"loc":{"start":{"line":251,"column":4},"end":{"line":267,"column":4}}},"7":{"name":"revokeBatch","line":285,"loc":{"start":{"line":277,"column":4},"end":{"line":305,"column":4}}},"8":{"name":"revokeFullBatch","line":322,"loc":{"start":{"line":322,"column":4},"end":{"line":362,"column":4}}},"9":{"name":"forfeit","line":367,"loc":{"start":{"line":367,"column":4},"end":{"line":381,"column":4}}},"10":{"name":"uri","line":390,"loc":{"start":{"line":390,"column":4},"end":{"line":411,"column":4}}},"11":{"name":"safeTransferFrom","line":416,"loc":{"start":{"line":416,"column":4},"end":{"line":442,"column":4}}},"12":{"name":"safeBatchTransferFrom","line":447,"loc":{"start":{"line":447,"column":4},"end":{"line":481,"column":4}}},"13":{"name":"depositETH","line":497,"loc":{"start":{"line":497,"column":4},"end":{"line":515,"column":4}}},"14":{"name":"depositERC20","line":520,"loc":{"start":{"line":520,"column":4},"end":{"line":549,"column":4}}},"15":{"name":"onERC1155Received","line":561,"loc":{"start":{"line":561,"column":4},"end":{"line":599,"column":4}}},"16":{"name":"onERC1155BatchReceived","line":604,"loc":{"start":{"line":604,"column":4},"end":{"line":617,"column":4}}},"17":{"name":"onERC721Received","line":624,"loc":{"start":{"line":624,"column":4},"end":{"line":661,"column":4}}},"18":{"name":"contractURI","line":671,"loc":{"start":{"line":671,"column":4},"end":{"line":679,"column":4}}},"19":{"name":"supportsInterface","line":684,"loc":{"start":{"line":684,"column":4},"end":{"line":704,"column":4}}}},"statementMap":{"1":{"start":{"line":47,"column":8},"end":{"line":47,"column":44}},"2":{"start":{"line":54,"column":8},"end":{"line":54,"column":27}},"3":{"start":{"line":56,"column":8},"end":{"line":56,"column":23}},"4":{"start":{"line":58,"column":8},"end":{"line":58,"column":32}},"5":{"start":{"line":85,"column":8},"end":{"line":85,"column":3135}},"6":{"start":{"line":114,"column":8},"end":{"line":114,"column":3846}},"7":{"start":{"line":120,"column":8},"end":{"line":120,"column":17}},"8":{"start":{"line":121,"column":8},"end":{"line":121,"column":4121}},"9":{"start":{"line":127,"column":12},"end":{"line":127,"column":4274}},"10":{"start":{"line":159,"column":8},"end":{"line":159,"column":5404}},"11":{"start":{"line":166,"column":8},"end":{"line":166,"column":17}},"12":{"start":{"line":167,"column":8},"end":{"line":167,"column":18}},"13":{"start":{"line":168,"column":8},"end":{"line":168,"column":5765}},"14":{"start":{"line":176,"column":12},"end":{"line":176,"column":31}},"15":{"start":{"line":179,"column":12},"end":{"line":179,"column":6069}},"16":{"start":{"line":207,"column":8},"end":{"line":207,"column":6740}},"17":{"start":{"line":210,"column":12},"end":{"line":210,"column":6947}},"18":{"start":{"line":220,"column":12},"end":{"line":220,"column":7307}},"19":{"start":{"line":227,"column":8},"end":{"line":227,"column":68}},"20":{"start":{"line":230,"column":8},"end":{"line":230,"column":7657}},"21":{"start":{"line":236,"column":8},"end":{"line":236,"column":7871}},"22":{"start":{"line":262,"column":8},"end":{"line":262,"column":8431}},"23":{"start":{"line":287,"column":8},"end":{"line":287,"column":8989}},"24":{"start":{"line":292,"column":8},"end":{"line":292,"column":17}},"25":{"start":{"line":293,"column":8},"end":{"line":293,"column":9180}},"26":{"start":{"line":299,"column":12},"end":{"line":299,"column":9335}},"27":{"start":{"line":330,"column":8},"end":{"line":330,"column":10453}},"28":{"start":{"line":336,"column":8},"end":{"line":336,"column":17}},"29":{"start":{"line":337,"column":8},"end":{"line":337,"column":27}},"30":{"start":{"line":338,"column":8},"end":{"line":338,"column":10742}},"31":{"start":{"line":346,"column":12},"end":{"line":346,"column":10955}},"32":{"start":{"line":356,"column":12},"end":{"line":356,"column":11309}},"33":{"start":{"line":376,"column":8},"end":{"line":376,"column":11702}},"34":{"start":{"line":402,"column":8},"end":{"line":402,"column":44}},"35":{"start":{"line":405,"column":8},"end":{"line":405,"column":12395}},"36":{"start":{"line":406,"column":12},"end":{"line":406,"column":23}},"37":{"start":{"line":410,"column":8},"end":{"line":410,"column":29}},"38":{"start":{"line":428,"column":8},"end":{"line":428,"column":12962}},"39":{"start":{"line":435,"column":8},"end":{"line":435,"column":13099}},"40":{"start":{"line":460,"column":8},"end":{"line":460,"column":13729}},"41":{"start":{"line":466,"column":12},"end":{"line":466,"column":13920}},"42":{"start":{"line":474,"column":8},"end":{"line":474,"column":14084}},"43":{"start":{"line":505,"column":8},"end":{"line":505,"column":24}},"44":{"start":{"line":508,"column":8},"end":{"line":508,"column":14917}},"45":{"start":{"line":529,"column":8},"end":{"line":529,"column":24}},"46":{"start":{"line":532,"column":8},"end":{"line":532,"column":59}},"47":{"start":{"line":535,"column":8},"end":{"line":535,"column":15584}},"48":{"start":{"line":542,"column":8},"end":{"line":542,"column":15793}},"49":{"start":{"line":576,"column":8},"end":{"line":576,"column":16903}},"50":{"start":{"line":577,"column":12},"end":{"line":577,"column":50}},"51":{"start":{"line":581,"column":8},"end":{"line":581,"column":17061}},"52":{"start":{"line":587,"column":8},"end":{"line":587,"column":28}},"53":{"start":{"line":590,"column":8},"end":{"line":590,"column":17346}},"54":{"start":{"line":598,"column":8},"end":{"line":598,"column":46}},"55":{"start":{"line":616,"column":8},"end":{"line":616,"column":51}},"56":{"start":{"line":638,"column":8},"end":{"line":638,"column":18530}},"57":{"start":{"line":639,"column":12},"end":{"line":639,"column":50}},"58":{"start":{"line":643,"column":8},"end":{"line":643,"column":18688}},"59":{"start":{"line":649,"column":8},"end":{"line":649,"column":28}},"60":{"start":{"line":652,"column":8},"end":{"line":652,"column":18977}},"61":{"start":{"line":660,"column":8},"end":{"line":660,"column":45}},"62":{"start":{"line":678,"column":8},"end":{"line":678,"column":30}},"63":{"start":{"line":698,"column":8},"end":{"line":698,"column":20020}}},"branchMap":{"1":{"line":44,"type":"if","locations":[{"start":{"line":44,"column":8},"end":{"line":44,"column":8}},{"start":{"line":44,"column":8},"end":{"line":44,"column":8}}]},"2":{"line":81,"type":"if","locations":[{"start":{"line":81,"column":8},"end":{"line":81,"column":8}},{"start":{"line":81,"column":8},"end":{"line":81,"column":8}}]},"3":{"line":82,"type":"if","locations":[{"start":{"line":82,"column":8},"end":{"line":82,"column":8}},{"start":{"line":82,"column":8},"end":{"line":82,"column":8}}]},"4":{"line":110,"type":"if","locations":[{"start":{"line":110,"column":8},"end":{"line":110,"column":8}},{"start":{"line":110,"column":8},"end":{"line":110,"column":8}}]},"5":{"line":111,"type":"if","locations":[{"start":{"line":111,"column":8},"end":{"line":111,"column":8}},{"start":{"line":111,"column":8},"end":{"line":111,"column":8}}]},"6":{"line":114,"type":"if","locations":[{"start":{"line":114,"column":8},"end":{"line":114,"column":8}},{"start":{"line":114,"column":8},"end":{"line":114,"column":8}}]},"7":{"line":159,"type":"if","locations":[{"start":{"line":159,"column":8},"end":{"line":159,"column":8}},{"start":{"line":159,"column":8},"end":{"line":159,"column":8}}]},"8":{"line":205,"type":"if","locations":[{"start":{"line":205,"column":8},"end":{"line":205,"column":8}},{"start":{"line":205,"column":8},"end":{"line":205,"column":8}}]},"9":{"line":207,"type":"if","locations":[{"start":{"line":207,"column":8},"end":{"line":207,"column":8}},{"start":{"line":207,"column":8},"end":{"line":207,"column":8}}]},"10":{"line":220,"type":"if","locations":[{"start":{"line":220,"column":12},"end":{"line":220,"column":12}},{"start":{"line":220,"column":12},"end":{"line":220,"column":12}}]},"11":{"line":259,"type":"if","locations":[{"start":{"line":259,"column":8},"end":{"line":259,"column":8}},{"start":{"line":259,"column":8},"end":{"line":259,"column":8}}]},"12":{"line":285,"type":"if","locations":[{"start":{"line":285,"column":8},"end":{"line":285,"column":8}},{"start":{"line":285,"column":8},"end":{"line":285,"column":8}}]},"13":{"line":287,"type":"if","locations":[{"start":{"line":287,"column":8},"end":{"line":287,"column":8}},{"start":{"line":287,"column":8},"end":{"line":287,"column":8}}]},"14":{"line":330,"type":"if","locations":[{"start":{"line":330,"column":8},"end":{"line":330,"column":8}},{"start":{"line":330,"column":8},"end":{"line":330,"column":8}}]},"15":{"line":346,"type":"if","locations":[{"start":{"line":346,"column":12},"end":{"line":346,"column":12}},{"start":{"line":346,"column":12},"end":{"line":346,"column":12}}]},"16":{"line":347,"type":"cond-expr","locations":[{"start":{"line":347,"column":20},"end":{"line":347,"column":42}},{"start":{"line":348,"column":19},"end":{"line":351,"column":18}}]},"17":{"line":405,"type":"if","locations":[{"start":{"line":405,"column":8},"end":{"line":405,"column":8}},{"start":{"line":405,"column":8},"end":{"line":405,"column":8}}]},"18":{"line":576,"type":"if","locations":[{"start":{"line":576,"column":8},"end":{"line":576,"column":8}},{"start":{"line":576,"column":8},"end":{"line":576,"column":8}}]},"19":{"line":638,"type":"if","locations":[{"start":{"line":638,"column":8},"end":{"line":638,"column":8}},{"start":{"line":638,"column":8},"end":{"line":638,"column":8}}]},"20":{"line":699,"type":"cond-expr","locations":[{"start":{"line":699,"column":15},"end":{"line":699,"column":67}},{"start":{"line":700,"column":15},"end":{"line":700,"column":75}}]},"21":{"line":699,"type":"cond-expr","locations":[{"start":{"line":699,"column":15},"end":{"line":700,"column":75}},{"start":{"line":701,"column":15},"end":{"line":701,"column":74}}]},"22":{"line":699,"type":"cond-expr","locations":[{"start":{"line":699,"column":15},"end":{"line":701,"column":74}},{"start":{"line":702,"column":15},"end":{"line":702,"column":51}}]}}},"contracts\\BadgerOrganization\\BadgerScout.sol":{"l":{"66":24,"78":17,"91":14,"95":8,"108":0,"113":0,"153":1,"177":3,"182":2,"185":2,"186":2,"187":2,"188":2,"190":2,"191":2,"194":2,"199":1,"207":2,"227":1,"229":1,"249":1,"251":1,"271":1,"273":1,"294":2,"299":1,"301":1,"320":1,"322":1,"344":2,"350":1,"355":1,"363":1,"381":4,"388":3,"389":3,"390":3,"395":4,"398":4,"400":2,"407":2,"429":1,"446":1,"463":2,"480":3,"504":3,"506":3,"528":0,"535":0,"545":0,"547":0,"572":0,"578":0,"588":0,"594":0,"617":4,"620":4,"626":3,"652":0,"654":0,"659":0,"688":0,"697":0,"724":0,"726":0,"733":0,"758":0,"801":2,"802":2},"path":"D:\\GitHub\\authkey\\contracts\\contracts\\BadgerOrganization\\BadgerScout.sol","s":{"1":24,"2":14,"3":0,"4":1,"5":3,"6":2,"7":2,"8":2,"9":1,"10":1,"11":1,"12":2,"13":1,"14":1,"15":2,"16":1,"17":1,"18":4,"19":3,"20":3,"21":3,"22":4,"23":2,"24":1,"25":1,"26":2,"27":3,"28":3,"29":0,"30":0,"31":0,"32":0,"33":0,"34":0,"35":4,"36":4,"37":3,"38":0,"39":0,"40":0,"41":0,"42":0,"43":0,"44":0,"45":0,"46":2,"47":2},"b":{"1":[17,7],"2":[17,0],"3":[8,6],"4":[0,0],"5":[0,0],"6":[1,1],"7":[3,1],"8":[2,1],"9":[2,1],"10":[1,1],"11":[2,1],"12":[1,1],"13":[2,1],"14":[1,1],"15":[3,1],"16":[2,1],"17":[1,1],"18":[2,1],"19":[1,1],"20":[3,1],"21":[2,1],"22":[1,1],"23":[3,1],"24":[0,0],"25":[0,0],"26":[3,1],"27":[2,1],"28":[2,0],"29":[0,0],"30":[0,0],"31":[0,0],"32":[0,0],"33":[0,0],"34":[0,0],"35":[0,0],"36":[0,0],"37":[0,0],"38":[0,0],"39":[2,1],"40":[1,1]},"f":{"1":24,"2":14,"3":0,"4":1,"5":3,"6":1,"7":1,"8":1,"9":2,"10":1,"11":2,"12":4,"13":1,"14":1,"15":2,"16":3,"17":3,"18":0,"19":0,"20":4,"21":0,"22":0,"23":0,"24":0,"25":2},"fnMap":{"1":{"name":"onlyLeader","line":63,"loc":{"start":{"line":63,"column":4},"end":{"line":79,"column":4}}},"2":{"name":"onlyRealBadge","line":88,"loc":{"start":{"line":88,"column":4},"end":{"line":96,"column":4}}},"3":{"name":"onlyClaimableBadge","line":105,"loc":{"start":{"line":105,"column":4},"end":{"line":114,"column":4}}},"4":{"name":"setOrganizationURI","line":151,"loc":{"start":{"line":145,"column":4},"end":{"line":154,"column":4}}},"5":{"name":"setBadge","line":175,"loc":{"start":{"line":163,"column":4},"end":{"line":208,"column":4}}},"6":{"name":"setClaimable","line":225,"loc":{"start":{"line":217,"column":4},"end":{"line":230,"column":4}}},"7":{"name":"setAccountBound","line":247,"loc":{"start":{"line":239,"column":4},"end":{"line":252,"column":4}}},"8":{"name":"setSigner","line":269,"loc":{"start":{"line":261,"column":4},"end":{"line":274,"column":4}}},"9":{"name":"setBadgeURI","line":292,"loc":{"start":{"line":284,"column":4},"end":{"line":302,"column":4}}},"10":{"name":"setPaymentToken","line":318,"loc":{"start":{"line":311,"column":4},"end":{"line":323,"column":4}}},"11":{"name":"setDelegates","line":342,"loc":{"start":{"line":333,"column":4},"end":{"line":364,"column":4}}},"12":{"name":"setDelegatesBatch","line":372,"loc":{"start":{"line":372,"column":4},"end":{"line":409,"column":4}}},"13":{"name":"getClaimable","line":418,"loc":{"start":{"line":418,"column":4},"end":{"line":430,"column":4}}},"14":{"name":"getAccountBound","line":435,"loc":{"start":{"line":435,"column":4},"end":{"line":447,"column":4}}},"15":{"name":"getSigner","line":452,"loc":{"start":{"line":452,"column":4},"end":{"line":464,"column":4}}},"16":{"name":"isDelegate","line":469,"loc":{"start":{"line":469,"column":4},"end":{"line":488,"column":4}}},"17":{"name":"_setOrganizationURI","line":498,"loc":{"start":{"line":498,"column":4},"end":{"line":507,"column":4}}},"18":{"name":"_verifyDeposit","line":518,"loc":{"start":{"line":518,"column":4},"end":{"line":552,"column":4}}},"19":{"name":"_verifyFunding","line":565,"loc":{"start":{"line":565,"column":4},"end":{"line":595,"column":4}}},"20":{"name":"_verifyFullBatch","line":610,"loc":{"start":{"line":610,"column":4},"end":{"line":634,"column":4}}},"21":{"name":"_verifyBadge","line":645,"loc":{"start":{"line":645,"column":4},"end":{"line":664,"column":4}}},"22":{"name":"_verifySignature","line":677,"loc":{"start":{"line":677,"column":4},"end":{"line":701,"column":4}}},"23":{"name":"_verifyPayment","line":712,"loc":{"start":{"line":712,"column":4},"end":{"line":737,"column":4}}},"24":{"name":"_verifyTransfer","line":748,"loc":{"start":{"line":748,"column":4},"end":{"line":779,"column":4}}},"25":{"name":"execTransaction","line":799,"loc":{"start":{"line":791,"column":4},"end":{"line":803,"column":4}}}},"statementMap":{"1":{"start":{"line":66,"column":8},"end":{"line":66,"column":2591}},"2":{"start":{"line":91,"column":8},"end":{"line":91,"column":3310}},"3":{"start":{"line":108,"column":8},"end":{"line":108,"column":3802}},"4":{"start":{"line":153,"column":8},"end":{"line":153,"column":32}},"5":{"start":{"line":177,"column":8},"end":{"line":177,"column":5727}},"6":{"start":{"line":182,"column":8},"end":{"line":182,"column":41}},"7":{"start":{"line":194,"column":8},"end":{"line":194,"column":6293}},"8":{"start":{"line":207,"column":8},"end":{"line":207,"column":30}},"9":{"start":{"line":229,"column":8},"end":{"line":229,"column":30}},"10":{"start":{"line":251,"column":8},"end":{"line":251,"column":30}},"11":{"start":{"line":273,"column":8},"end":{"line":273,"column":30}},"12":{"start":{"line":294,"column":8},"end":{"line":294,"column":8555}},"13":{"start":{"line":301,"column":8},"end":{"line":301,"column":30}},"14":{"start":{"line":322,"column":8},"end":{"line":322,"column":30}},"15":{"start":{"line":344,"column":8},"end":{"line":344,"column":9729}},"16":{"start":{"line":350,"column":8},"end":{"line":350,"column":9997}},"17":{"start":{"line":363,"column":8},"end":{"line":363,"column":30}},"18":{"start":{"line":381,"column":8},"end":{"line":381,"column":10725}},"19":{"start":{"line":388,"column":8},"end":{"line":388,"column":17}},"20":{"start":{"line":389,"column":8},"end":{"line":389,"column":18}},"21":{"start":{"line":390,"column":8},"end":{"line":390,"column":11105}},"22":{"start":{"line":398,"column":12},"end":{"line":398,"column":31}},"23":{"start":{"line":407,"column":12},"end":{"line":407,"column":33}},"24":{"start":{"line":429,"column":8},"end":{"line":429,"column":51}},"25":{"start":{"line":446,"column":8},"end":{"line":446,"column":51}},"26":{"start":{"line":463,"column":8},"end":{"line":463,"column":56}},"27":{"start":{"line":480,"column":8},"end":{"line":480,"column":12972}},"28":{"start":{"line":506,"column":8},"end":{"line":506,"column":34}},"29":{"start":{"line":528,"column":8},"end":{"line":528,"column":14413}},"30":{"start":{"line":535,"column":8},"end":{"line":535,"column":14639}},"31":{"start":{"line":547,"column":8},"end":{"line":547,"column":14984}},"32":{"start":{"line":572,"column":8},"end":{"line":572,"column":15822}},"33":{"start":{"line":578,"column":8},"end":{"line":578,"column":16044}},"34":{"start":{"line":588,"column":8},"end":{"line":588,"column":16347}},"35":{"start":{"line":617,"column":8},"end":{"line":617,"column":41}},"36":{"start":{"line":620,"column":8},"end":{"line":620,"column":17361}},"37":{"start":{"line":626,"column":8},"end":{"line":626,"column":17598}},"38":{"start":{"line":652,"column":8},"end":{"line":652,"column":41}},"39":{"start":{"line":654,"column":8},"end":{"line":654,"column":18377}},"40":{"start":{"line":659,"column":8},"end":{"line":659,"column":18535}},"41":{"start":{"line":688,"column":8},"end":{"line":688,"column":19505}},"42":{"start":{"line":697,"column":8},"end":{"line":697,"column":19700}},"43":{"start":{"line":724,"column":8},"end":{"line":724,"column":46}},"44":{"start":{"line":733,"column":8},"end":{"line":733,"column":20716}},"45":{"start":{"line":758,"column":8},"end":{"line":758,"column":21543}},"46":{"start":{"line":801,"column":8},"end":{"line":801,"column":80}},"47":{"start":{"line":802,"column":8},"end":{"line":802,"column":43}}},"branchMap":{"1":{"line":66,"type":"if","locations":[{"start":{"line":66,"column":8},"end":{"line":66,"column":8}},{"start":{"line":66,"column":8},"end":{"line":66,"column":8}}]},"2":{"line":67,"type":"cond-expr","locations":[{"start":{"line":67,"column":17},"end":{"line":67,"column":39}},{"start":{"line":68,"column":17},"end":{"line":75,"column":16}}]},"3":{"line":91,"type":"if","locations":[{"start":{"line":91,"column":8},"end":{"line":91,"column":8}},{"start":{"line":91,"column":8},"end":{"line":91,"column":8}}]},"4":{"line":108,"type":"if","locations":[{"start":{"line":108,"column":8},"end":{"line":108,"column":8}},{"start":{"line":108,"column":8},"end":{"line":108,"column":8}}]},"5":{"line":109,"type":"cond-expr","locations":[{"start":{"line":109,"column":17},"end":{"line":109,"column":44}},{"start":{"line":110,"column":17},"end":{"line":110,"column":33}}]},"6":{"line":151,"type":"if","locations":[{"start":{"line":151,"column":8},"end":{"line":151,"column":8}},{"start":{"line":151,"column":8},"end":{"line":151,"column":8}}]},"7":{"line":175,"type":"if","locations":[{"start":{"line":175,"column":8},"end":{"line":175,"column":8}},{"start":{"line":175,"column":8},"end":{"line":175,"column":8}}]},"8":{"line":177,"type":"if","locations":[{"start":{"line":177,"column":8},"end":{"line":177,"column":8}},{"start":{"line":177,"column":8},"end":{"line":177,"column":8}}]},"9":{"line":224,"type":"if","locations":[{"start":{"line":224,"column":8},"end":{"line":224,"column":8}},{"start":{"line":224,"column":8},"end":{"line":224,"column":8}}]},"10":{"line":225,"type":"if","locations":[{"start":{"line":225,"column":8},"end":{"line":225,"column":8}},{"start":{"line":225,"column":8},"end":{"line":225,"column":8}}]},"11":{"line":246,"type":"if","locations":[{"start":{"line":246,"column":8},"end":{"line":246,"column":8}},{"start":{"line":246,"column":8},"end":{"line":246,"column":8}}]},"12":{"line":247,"type":"if","locations":[{"start":{"line":247,"column":8},"end":{"line":247,"column":8}},{"start":{"line":247,"column":8},"end":{"line":247,"column":8}}]},"13":{"line":268,"type":"if","locations":[{"start":{"line":268,"column":8},"end":{"line":268,"column":8}},{"start":{"line":268,"column":8},"end":{"line":268,"column":8}}]},"14":{"line":269,"type":"if","locations":[{"start":{"line":269,"column":8},"end":{"line":269,"column":8}},{"start":{"line":269,"column":8},"end":{"line":269,"column":8}}]},"15":{"line":291,"type":"if","locations":[{"start":{"line":291,"column":8},"end":{"line":291,"column":8}},{"start":{"line":291,"column":8},"end":{"line":291,"column":8}}]},"16":{"line":292,"type":"if","locations":[{"start":{"line":292,"column":8},"end":{"line":292,"column":8}},{"start":{"line":292,"column":8},"end":{"line":292,"column":8}}]},"17":{"line":294,"type":"if","locations":[{"start":{"line":294,"column":8},"end":{"line":294,"column":8}},{"start":{"line":294,"column":8},"end":{"line":294,"column":8}}]},"18":{"line":317,"type":"if","locations":[{"start":{"line":317,"column":8},"end":{"line":317,"column":8}},{"start":{"line":317,"column":8},"end":{"line":317,"column":8}}]},"19":{"line":318,"type":"if","locations":[{"start":{"line":318,"column":8},"end":{"line":318,"column":8}},{"start":{"line":318,"column":8},"end":{"line":318,"column":8}}]},"20":{"line":341,"type":"if","locations":[{"start":{"line":341,"column":8},"end":{"line":341,"column":8}},{"start":{"line":341,"column":8},"end":{"line":341,"column":8}}]},"21":{"line":342,"type":"if","locations":[{"start":{"line":342,"column":8},"end":{"line":342,"column":8}},{"start":{"line":342,"column":8},"end":{"line":342,"column":8}}]},"22":{"line":344,"type":"if","locations":[{"start":{"line":344,"column":8},"end":{"line":344,"column":8}},{"start":{"line":344,"column":8},"end":{"line":344,"column":8}}]},"23":{"line":381,"type":"if","locations":[{"start":{"line":381,"column":8},"end":{"line":381,"column":8}},{"start":{"line":381,"column":8},"end":{"line":381,"column":8}}]},"24":{"line":572,"type":"if","locations":[{"start":{"line":572,"column":8},"end":{"line":572,"column":8}},{"start":{"line":572,"column":8},"end":{"line":572,"column":8}}]},"25":{"line":588,"type":"if","locations":[{"start":{"line":588,"column":8},"end":{"line":588,"column":8}},{"start":{"line":588,"column":8},"end":{"line":588,"column":8}}]},"26":{"line":620,"type":"if","locations":[{"start":{"line":620,"column":8},"end":{"line":620,"column":8}},{"start":{"line":620,"column":8},"end":{"line":620,"column":8}}]},"27":{"line":626,"type":"if","locations":[{"start":{"line":626,"column":8},"end":{"line":626,"column":8}},{"start":{"line":626,"column":8},"end":{"line":626,"column":8}}]},"28":{"line":627,"type":"cond-expr","locations":[{"start":{"line":627,"column":17},"end":{"line":627,"column":39}},{"start":{"line":628,"column":17},"end":{"line":631,"column":17}}]},"29":{"line":654,"type":"if","locations":[{"start":{"line":654,"column":8},"end":{"line":654,"column":8}},{"start":{"line":654,"column":8},"end":{"line":654,"column":8}}]},"30":{"line":659,"type":"if","locations":[{"start":{"line":659,"column":8},"end":{"line":659,"column":8}},{"start":{"line":659,"column":8},"end":{"line":659,"column":8}}]},"31":{"line":660,"type":"cond-expr","locations":[{"start":{"line":660,"column":17},"end":{"line":660,"column":44}},{"start":{"line":661,"column":17},"end":{"line":661,"column":33}}]},"32":{"line":697,"type":"if","locations":[{"start":{"line":697,"column":8},"end":{"line":697,"column":8}},{"start":{"line":697,"column":8},"end":{"line":697,"column":8}}]},"33":{"line":733,"type":"if","locations":[{"start":{"line":733,"column":8},"end":{"line":733,"column":8}},{"start":{"line":733,"column":8},"end":{"line":733,"column":8}}]},"34":{"line":758,"type":"if","locations":[{"start":{"line":758,"column":8},"end":{"line":758,"column":8}},{"start":{"line":758,"column":8},"end":{"line":758,"column":8}}]},"35":{"line":765,"type":"cond-expr","locations":[{"start":{"line":765,"column":23},"end":{"line":765,"column":42}},{"start":{"line":766,"column":23},"end":{"line":766,"column":44}}]},"36":{"line":770,"type":"cond-expr","locations":[{"start":{"line":770,"column":27},"end":{"line":770,"column":49}},{"start":{"line":771,"column":27},"end":{"line":774,"column":27}}]},"37":{"line":764,"type":"cond-expr","locations":[{"start":{"line":764,"column":18},"end":{"line":767,"column":18}},{"start":{"line":769,"column":21},"end":{"line":775,"column":21}}]},"38":{"line":761,"type":"cond-expr","locations":[{"start":{"line":761,"column":14},"end":{"line":761,"column":34}},{"start":{"line":762,"column":17},"end":{"line":776,"column":14}}]},"39":{"line":799,"type":"if","locations":[{"start":{"line":799,"column":8},"end":{"line":799,"column":8}},{"start":{"line":799,"column":8},"end":{"line":799,"column":8}}]},"40":{"line":802,"type":"if","locations":[{"start":{"line":802,"column":8},"end":{"line":802,"column":8}},{"start":{"line":802,"column":8},"end":{"line":802,"column":8}}]}}},"contracts\\BadgerOrganization\\interfaces\\BadgerOrganizationInterface.sol":{"l":{},"path":"D:\\GitHub\\authkey\\contracts\\contracts\\BadgerOrganization\\interfaces\\BadgerOrganizationInterface.sol","s":{},"b":{},"f":{},"fnMap":{},"statementMap":{},"branchMap":{}},"contracts\\BadgerOrganization\\interfaces\\BadgerScoutInterface.sol":{"l":{},"path":"D:\\GitHub\\authkey\\contracts\\contracts\\BadgerOrganization\\interfaces\\BadgerScoutInterface.sol","s":{},"b":{},"f":{},"fnMap":{},"statementMap":{},"branchMap":{}},"contracts\\mocks\\MockERC1155.sol":{"l":{"24":2},"path":"D:\\GitHub\\authkey\\contracts\\contracts\\mocks\\MockERC1155.sol","s":{"1":2},"b":{},"f":{"1":3,"2":2},"fnMap":{"1":{"name":"constructor","line":13,"loc":{"start":{"line":10,"column":4},"end":{"line":14,"column":6}}},"2":{"name":"mint","line":16,"loc":{"start":{"line":16,"column":4},"end":{"line":30,"column":4}}}},"statementMap":{"1":{"start":{"line":24,"column":8},"end":{"line":24,"column":438}}},"branchMap":{}},"contracts\\mocks\\MockERC20.sol":{"l":{"23":0},"path":"D:\\GitHub\\authkey\\contracts\\contracts\\mocks\\MockERC20.sol","s":{"1":0},"b":{},"f":{"1":0,"2":0},"fnMap":{"1":{"name":"constructor","line":14,"loc":{"start":{"line":10,"column":4},"end":{"line":15,"column":6}}},"2":{"name":"mint","line":17,"loc":{"start":{"line":17,"column":4},"end":{"line":27,"column":4}}}},"statementMap":{"1":{"start":{"line":23,"column":8},"end":{"line":23,"column":418}}},"branchMap":{}},"contracts\\mocks\\MockERC721.sol":{"l":{"23":0},"path":"D:\\GitHub\\authkey\\contracts\\contracts\\mocks\\MockERC721.sol","s":{"1":0},"b":{},"f":{"1":0,"2":0},"fnMap":{"1":{"name":"constructor","line":14,"loc":{"start":{"line":10,"column":4},"end":{"line":15,"column":6}}},"2":{"name":"mint","line":17,"loc":{"start":{"line":17,"column":4},"end":{"line":27,"column":4}}}},"statementMap":{"1":{"start":{"line":23,"column":8},"end":{"line":23,"column":420}}},"branchMap":{}}}